[22:10:40] ==============================================
[22:10:40] B?T ??U CRAWL TRUY?N
[22:10:40] Job: adb-R7AW90DD2NZ-uElabt._adb-tls-connect._tcp
[22:10:40] Thi?t b?: adb-R7AW90DD2NZ-uElabt._adb-tls-connect._tcp
[22:10:40] S? ch??ng t?i ?a: 600
[22:10:40] Th? m?c k?t qu?: F:\craw\crawTtv\stories\adb-R7AW90DD2NZ-uElabt._adb-tls-connect._tcp
[22:10:40] ==============================================
[22:10:40] 
[22:10:40] ========== L?N ??C 1 ==========
[22:10:42] UI dump: UI hierchary dumped to: /sdcard/window.xml
[22:10:42] ADB pull: /sdcard/window.xml: 1 file pulled, 0 skipped. 1.5 MB/s (20776 bytes in 0.014s)
[22:10:42] ?ã l?u: F:\craw\crawTtv\stories\adb-R7AW90DD2NZ-uElabt._adb-tls-connect._tcp\20260724_221042_959_0001_chuong-01-mao-hiem-gia-so-tay.txt
[22:10:42] S? ký t?: 11190
[22:10:42] B?t ??u vu?t cho t?i khi sang ch??ng m?i...
[22:11:15] ?ã vu?t 13 l?n, ki?m tra ch??ng...
[22:11:18] UI dump: UI hierchary dumped to: /sdcard/window.xml
[22:11:18] ADB pull: /sdcard/window.xml: 1 file pulled, 0 skipped. 1.3 MB/s (20776 bytes in 0.016s)
[22:11:18] Ch?a sang ch??ng m?i, th? x? lý k?t loading cu?i ch??ng...
[22:11:18] Có th? ?ang k?t ? màn loading cu?i ch??ng.
[22:11:18] Vu?t lên 1 nh?p, ??i 10s, r?i vu?t xu?ng 2 l?n...
[22:12:25] ?ã vu?t 26 l?n, ki?m tra ch??ng...
[22:12:27] UI dump: UI hierchary dumped to: /sdcard/window.xml
[22:12:27] ADB pull: /sdcard/window.xml: 1 file pulled, 0 skipped. 1.8 MB/s (22813 bytes in 0.012s)
[22:12:27] Ch?a sang ch??ng m?i, th? x? lý k?t loading cu?i ch??ng...
[22:12:27] Có th? ?ang k?t ? màn loading cu?i ch??ng.
[22:12:27] Vu?t lên 1 nh?p, ??i 10s, r?i vu?t xu?ng 2 l?n...
[22:13:32] ?ã vu?t 39 l?n, ki?m tra ch??ng...
[22:13:35] UI dump: UI hierchary dumped to: /sdcard/window.xml
[22:13:35] ADB pull: /sdcard/window.xml: 1 file pulled, 0 skipped. 1.9 MB/s (22813 bytes in 0.011s)
[22:13:35] Ch?a sang ch??ng m?i, th? x? lý k?t loading cu?i ch??ng...
[22:13:35] Có th? ?ang k?t ? màn loading cu?i ch??ng.
[22:13:35] Vu?t lên 1 nh?p, ??i 10s, r?i vu?t xu?ng 2 l?n...
[22:14:39] ?ã vu?t 52 l?n, ki?m tra ch??ng...
[22:14:45] UI dump: UI hierchary dumped to: /sdcard/window.xml
[22:14:45] ADB pull: /sdcard/window.xml: 1 file pulled, 0 skipped. 2.0 MB/s (17973 bytes in 0.008s)
[22:14:45] ?ã sang ch??ng m?i sau 52 l?n vu?t.
[22:14:45] 
[22:14:45] ========== L?N ??C 2 ==========
[22:14:47] UI dump: UI hierchary dumped to: /sdcard/window.xml
[22:14:47] ADB pull: /sdcard/window.xml: 1 file pulled, 0 skipped. 2.4 MB/s (17973 bytes in 0.007s)
[22:14:47] ?ã l?u: F:\craw\crawTtv\stories\adb-R7AW90DD2NZ-uElabt._adb-tls-connect._tcp\20260724_221447_795_0002_chuong-02-mua-sam-trang-bi.txt
[22:14:47] S? ký t?: 9158
[22:14:47] B?t ??u vu?t cho t?i khi sang ch??ng m?i...
[22:15:19] ?ã vu?t 13 l?n, ki?m tra ch??ng...
[22:15:22] UI dump: UI hierchary dumped to: /sdcard/window.xml
[22:15:22] ADB pull: /sdcard/window.xml: 1 file pulled, 0 skipped. 1.0 MB/s (17974 bytes in 0.017s)
[22:15:22] Ch?a sang ch??ng m?i, th? x? lý k?t loading cu?i ch??ng...
[22:15:22] Có th? ?ang k?t ? màn loading cu?i ch??ng.
[22:15:22] Vu?t lên 1 nh?p, ??i 10s, r?i vu?t xu?ng 2 l?n...
[22:16:27] ?ã vu?t 26 l?n, ki?m tra ch??ng...
[22:16:30] UI dump: UI hierchary dumped to: /sdcard/window.xml
[22:16:30] ADB pull: /sdcard/window.xml: 1 file pulled, 0 skipped. 1.4 MB/s (19512 bytes in 0.013s)
[22:16:30] ?ã sang ch??ng m?i sau 26 l?n vu?t.
[22:16:30] 
[22:16:30] ========== L?N ??C 3 ==========
[22:16:32] UI dump: UI hierchary dumped to: /sdcard/window.xml
[22:16:32] ADB pull: /sdcard/window.xml: 1 file pulled, 0 skipped. 2.5 MB/s (19512 bytes in 0.008s)
[22:16:32] ?ã l?u: F:\craw\crawTtv\stories\adb-R7AW90DD2NZ-uElabt._adb-tls-connect._tcp\20260724_221632_741_0003_chuong-03-truy-tung-goblin.txt
[22:16:32] S? ký t?: 10306
[22:16:32] B?t ??u vu?t cho t?i khi sang ch??ng m?i...
[22:17:04] ?ã vu?t 13 l?n, ki?m tra ch??ng...
[22:17:07] UI dump: UI hierchary dumped to: /sdcard/window.xml
[22:17:07] ADB pull: /sdcard/window.xml: 1 file pulled, 0 skipped. 1.0 MB/s (17598 bytes in 0.017s)
[22:17:07] ?ã sang ch??ng m?i sau 13 l?n vu?t.
[22:17:07] 
[22:17:07] ========== L?N ??C 4 ==========
[22:17:09] UI dump: UI hierchary dumped to: /sdcard/window.xml
[22:17:09] ADB pull: /sdcard/window.xml: 1 file pulled, 0 skipped. 1.8 MB/s (17598 bytes in 0.009s)
[22:17:09] ?ã l?u: F:\craw\crawTtv\stories\adb-R7AW90DD2NZ-uElabt._adb-tls-connect._tcp\20260724_221709_882_0004_chuong-04-mot-con-goblin-mat-di-mang-nho.txt
[22:17:09] S? ký t?: 8717
[22:17:09] B?t ??u vu?t cho t?i khi sang ch??ng m?i...
[22:17:41] ?ã vu?t 13 l?n, ki?m tra ch??ng...
[22:17:44] UI dump: UI hierchary dumped to: /sdcard/window.xml
[22:17:44] ADB pull: /sdcard/window.xml: 1 file pulled, 0 skipped. 0.4 MB/s (17599 bytes in 0.038s)
[22:17:44] Ch?a sang ch??ng m?i, th? x? lý k?t loading cu?i ch??ng...
[22:17:44] Có th? ?ang k?t ? màn loading cu?i ch??ng.
[22:17:44] Vu?t lên 1 nh?p, ??i 10s, r?i vu?t xu?ng 2 l?n...
[22:18:50] ?ã vu?t 26 l?n, ki?m tra ch??ng...
[22:18:53] UI dump: UI hierchary dumped to: /sdcard/window.xml
[22:18:53] ADB pull: /sdcard/window.xml: 1 file pulled, 0 skipped. 2.4 MB/s (20642 bytes in 0.008s)
[22:18:53] ?ã sang ch??ng m?i sau 26 l?n vu?t.
[22:18:53] 
[22:18:53] ========== L?N ??C 5 ==========
[22:18:56] UI dump: UI hierchary dumped to: /sdcard/window.xml
[22:18:56] ADB pull: /sdcard/window.xml: 1 file pulled, 0 skipped. 1.4 MB/s (20642 bytes in 0.014s)
[22:18:56] ?ã l?u: F:\craw\crawTtv\stories\adb-R7AW90DD2NZ-uElabt._adb-tls-connect._tcp\20260724_221856_077_0005_chuong-05-chinh-sua.txt
[22:18:56] S? ký t?: 10595
[22:18:56] B?t ??u vu?t cho t?i khi sang ch??ng m?i...
[22:19:28] ?ã vu?t 13 l?n, ki?m tra ch??ng...
[22:19:31] UI dump: UI hierchary dumped to: /sdcard/window.xml
[22:19:31] ADB pull: /sdcard/window.xml: 1 file pulled, 0 skipped. 1.6 MB/s (20643 bytes in 0.013s)
[22:19:31] Ch?a sang ch??ng m?i, th? x? lý k?t loading cu?i ch??ng...
[22:19:31] Có th? ?ang k?t ? màn loading cu?i ch??ng.
[22:19:31] Vu?t lên 1 nh?p, ??i 10s, r?i vu?t xu?ng 2 l?n...
[22:20:36] ?ã vu?t 26 l?n, ki?m tra ch??ng...
[22:20:39] UI dump: UI hierchary dumped to: /sdcard/window.xml
[22:20:39] ADB pull: /sdcard/window.xml: 1 file pulled, 0 skipped. 1.8 MB/s (20643 bytes in 0.011s)
[22:20:39] Ch?a sang ch??ng m?i, th? x? lý k?t loading cu?i ch??ng...
[22:20:39] Có th? ?ang k?t ? màn loading cu?i ch??ng.
[22:20:39] Vu?t lên 1 nh?p, ??i 10s, r?i vu?t xu?ng 2 l?n...
[22:21:44] ?ã vu?t 39 l?n, ki?m tra ch??ng...
[22:21:47] UI dump: UI hierchary dumped to: /sdcard/window.xml
[22:21:47] ADB pull: /sdcard/window.xml: 1 file pulled, 0 skipped. 1.4 MB/s (17704 bytes in 0.012s)
[22:21:47] ?ã sang ch??ng m?i sau 39 l?n vu?t.
[22:21:47] 
[22:21:47] ========== L?N ??C 6 ==========
[22:21:50] UI dump: UI hierchary dumped to: /sdcard/window.xml
[22:21:50] ADB pull: /sdcard/window.xml: 1 file pulled, 0 skipped. 1.7 MB/s (17704 bytes in 0.010s)
[22:21:50] ?ã l?u: F:\craw\crawTtv\stories\adb-R7AW90DD2NZ-uElabt._adb-tls-connect._tcp\20260724_222150_204_0006_chuong-06-phap-su-chi-thu.txt
[22:21:50] S? ký t?: 8781
[22:21:50] B?t ??u vu?t cho t?i khi sang ch??ng m?i...
[22:22:22] ?ã vu?t 13 l?n, ki?m tra ch??ng...
[22:22:25] UI dump: UI hierchary dumped to: /sdcard/window.xml
[22:22:25] ADB pull: /sdcard/window.xml: 1 file pulled, 0 skipped. 1.3 MB/s (17705 bytes in 0.013s)
[22:22:25] Ch?a sang ch??ng m?i, th? x? lý k?t loading cu?i ch??ng...
[22:22:25] Có th? ?ang k?t ? màn loading cu?i ch??ng.
[22:22:25] Vu?t lên 1 nh?p, ??i 10s, r?i vu?t xu?ng 2 l?n...
[22:23:31] ?ã vu?t 26 l?n, ki?m tra ch??ng...
[22:23:34] UI dump: UI hierchary dumped to: /sdcard/window.xml
[22:23:34] ADB pull: /sdcard/window.xml: 1 file pulled, 0 skipped. 1.6 MB/s (18853 bytes in 0.011s)
[22:23:34] ?ã sang ch??ng m?i sau 26 l?n vu?t.
[22:23:34] 
[22:23:34] ========== L?N ??C 7 ==========
[22:23:36] UI dump: UI hierchary dumped to: /sdcard/window.xml
[22:23:36] ADB pull: /sdcard/window.xml: 1 file pulled, 0 skipped. 2.4 MB/s (18853 bytes in 0.008s)
[22:23:36] ?ã l?u: F:\craw\crawTtv\stories\adb-R7AW90DD2NZ-uElabt._adb-tls-connect._tcp\20260724_222336_666_0007_chuong-07-mao-hiem-tieu-doi.txt
[22:23:36] S? ký t?: 9211
[22:23:36] B?t ??u vu?t cho t?i khi sang ch??ng m?i...
[22:24:09] ?ã vu?t 13 l?n, ki?m tra ch??ng...
[22:24:12] UI dump: UI hierchary dumped to: /sdcard/window.xml
[22:24:12] ADB pull: /sdcard/window.xml: 1 file pulled, 0 skipped. 1.8 MB/s (18854 bytes in 0.010s)
[22:24:12] Ch?a sang ch??ng m?i, th? x? lý k?t loading cu?i ch??ng...
[22:24:12] Có th? ?ang k?t ? màn loading cu?i ch??ng.
[22:24:12] Vu?t lên 1 nh?p, ??i 10s, r?i vu?t xu?ng 2 l?n...
[22:25:18] ?ã vu?t 26 l?n, ki?m tra ch??ng...
[22:25:21] UI dump: UI hierchary dumped to: /sdcard/window.xml
[22:25:21] ADB pull: /sdcard/window.xml: 1 file pulled, 0 skipped. 2.1 MB/s (18019 bytes in 0.008s)
[22:25:21] ?ã sang ch??ng m?i sau 26 l?n vu?t.
[22:25:21] 
[22:25:21] ========== L?N ??C 8 ==========
[22:25:23] UI dump: UI hierchary dumped to: /sdcard/window.xml
[22:25:23] ADB pull: /sdcard/window.xml: 1 file pulled, 0 skipped. 1.6 MB/s (18019 bytes in 0.011s)
[22:25:23] ?ã l?u: F:\craw\crawTtv\stories\adb-R7AW90DD2NZ-uElabt._adb-tls-connect._tcp\20260724_222523_916_0008_chuong-08-phap-su-hieu-ung.txt
[22:25:23] S? ký t?: 8524
[22:25:23] B?t ??u vu?t cho t?i khi sang ch??ng m?i...
[22:25:57] ?ã vu?t 13 l?n, ki?m tra ch??ng...
[22:25:59] UI dump: UI hierchary dumped to: /sdcard/window.xml
[22:25:59] ADB pull: /sdcard/window.xml: 1 file pulled, 0 skipped. 1.9 MB/s (18020 bytes in 0.009s)
[22:25:59] Ch?a sang ch??ng m?i, th? x? lý k?t loading cu?i ch??ng...
[22:25:59] Có th? ?ang k?t ? màn loading cu?i ch??ng.
[22:25:59] Vu?t lên 1 nh?p, ??i 10s, r?i vu?t xu?ng 2 l?n...
[22:27:06] ?ã vu?t 26 l?n, ki?m tra ch??ng...
[22:27:08] UI dump: UI hierchary dumped to: /sdcard/window.xml
[22:27:08] ADB pull: /sdcard/window.xml: 1 file pulled, 0 skipped. 1.9 MB/s (18828 bytes in 0.010s)
[22:27:08] ?ã sang ch??ng m?i sau 26 l?n vu?t.
[22:27:08] 
[22:27:08] ========== L?N ??C 9 ==========
[22:27:10] UI dump: UI hierchary dumped to: /sdcard/window.xml
[22:27:11] ADB pull: /sdcard/window.xml: 1 file pulled, 0 skipped. 1.5 MB/s (18828 bytes in 0.012s)
[22:27:11] ?ã l?u: F:\craw\crawTtv\stories\adb-R7AW90DD2NZ-uElabt._adb-tls-connect._tcp\20260724_222711_053_0009_chuong-09-mao-hiem-vinh-vien-tran-ngap-ngoai-y-muon.txt
[22:27:11] S? ký t?: 9161
[22:27:11] B?t ??u vu?t cho t?i khi sang ch??ng m?i...
[22:27:45] ?ã vu?t 13 l?n, ki?m tra ch??ng...
[22:27:47] UI dump: UI hierchary dumped to: /sdcard/window.xml
[22:27:47] ADB pull: /sdcard/window.xml: 1 file pulled, 0 skipped. 2.1 MB/s (18829 bytes in 0.008s)
[22:27:47] Ch?a sang ch??ng m?i, th? x? lý k?t loading cu?i ch??ng...
[22:27:47] Có th? ?ang k?t ? màn loading cu?i ch??ng.
[22:27:47] Vu?t lên 1 nh?p, ??i 10s, r?i vu?t xu?ng 2 l?n...
[22:28:53] ?ã vu?t 26 l?n, ki?m tra ch??ng...
[22:28:56] UI dump: UI hierchary dumped to: /sdcard/window.xml
[22:28:56] ADB pull: /sdcard/window.xml: 1 file pulled, 0 skipped. 0.9 MB/s (19366 bytes in 0.021s)
[22:28:56] ?ã sang ch??ng m?i sau 26 l?n vu?t.
[22:28:56] 
[22:28:56] ========== L?N ??C 10 ==========
[22:28:59] UI dump: UI hierchary dumped to: /sdcard/window.xml
[22:28:59] ADB pull: /sdcard/window.xml: 1 file pulled, 0 skipped. 1.7 MB/s (19366 bytes in 0.011s)
[22:28:59] ?ã l?u: F:\craw\crawTtv\stories\adb-R7AW90DD2NZ-uElabt._adb-tls-connect._tcp\20260724_222859_400_0010_chuong-10-tiep-dich.txt
[22:28:59] S? ký t?: 9679
[22:28:59] B?t ??u vu?t cho t?i khi sang ch??ng m?i...
[22:29:32] ?ã vu?t 13 l?n, ki?m tra ch??ng...
[22:29:34] UI dump: UI hierchary dumped to: /sdcard/window.xml
[22:29:34] ADB pull: /sdcard/window.xml: 1 file pulled, 0 skipped. 1.8 MB/s (19367 bytes in 0.010s)
[22:29:34] Ch?a sang ch??ng m?i, th? x? lý k?t loading cu?i ch??ng...
[22:29:34] Có th? ?ang k?t ? màn loading cu?i ch??ng.
[22:29:34] Vu?t lên 1 nh?p, ??i 10s, r?i vu?t xu?ng 2 l?n...
[22:30:40] ?ã vu?t 26 l?n, ki?m tra ch??ng...
[22:30:43] UI dump: UI hierchary dumped to: /sdcard/window.xml
[22:30:43] ADB pull: /sdcard/window.xml: 1 file pulled, 0 skipped. 2.2 MB/s (21403 bytes in 0.009s)
[22:30:43] Ch?a sang ch??ng m?i, th? x? lý k?t loading cu?i ch??ng...
[22:30:43] Có th? ?ang k?t ? màn loading cu?i ch??ng.
[22:30:43] Vu?t lên 1 nh?p, ??i 10s, r?i vu?t xu?ng 2 l?n...
[22:31:48] ?ã vu?t 39 l?n, ki?m tra ch??ng...
[22:31:51] UI dump: UI hierchary dumped to: /sdcard/window.xml
[22:31:51] ADB pull: /sdcard/window.xml: 1 file pulled, 0 skipped. 1.0 MB/s (18516 bytes in 0.017s)
[22:31:51] ?ã sang ch??ng m?i sau 39 l?n vu?t.
[22:31:51] 
[22:31:51] ========== L?N ??C 11 ==========
[22:31:53] UI dump: UI hierchary dumped to: /sdcard/window.xml
[22:31:53] ADB pull: /sdcard/window.xml: 1 file pulled, 0 skipped. 1.2 MB/s (18516 bytes in 0.015s)
[22:31:53] ?ã l?u: F:\craw\crawTtv\stories\adb-R7AW90DD2NZ-uElabt._adb-tls-connect._tcp\20260724_223153_752_0011_chuong-11-trong-rung-ram-mau-va-lua.txt
[22:31:53] S? ký t?: 9350
[22:31:53] B?t ??u vu?t cho t?i khi sang ch??ng m?i...
[22:32:26] ?ã vu?t 13 l?n, ki?m tra ch??ng...
[22:32:28] UI dump: UI hierchary dumped to: /sdcard/window.xml
[22:32:28] ADB pull: /sdcard/window.xml: 1 file pulled, 0 skipped. 1.3 MB/s (18517 bytes in 0.014s)
[22:32:28] Ch?a sang ch??ng m?i, th? x? lý k?t loading cu?i ch??ng...
[22:32:28] Có th? ?ang k?t ? màn loading cu?i ch??ng.
[22:32:28] Vu?t lên 1 nh?p, ??i 10s, r?i vu?t xu?ng 2 l?n...
[22:33:34] ?ã vu?t 26 l?n, ki?m tra ch??ng...
[22:33:37] UI dump: UI hierchary dumped to: /sdcard/window.xml
[22:33:37] ADB pull: /sdcard/window.xml: 1 file pulled, 0 skipped. 1.8 MB/s (20553 bytes in 0.011s)
[22:33:37] Ch?a sang ch??ng m?i, th? x? lý k?t loading cu?i ch??ng...
[22:33:37] Có th? ?ang k?t ? màn loading cu?i ch??ng.
[22:33:37] Vu?t lên 1 nh?p, ??i 10s, r?i vu?t xu?ng 2 l?n...
[22:34:41] ?ã vu?t 39 l?n, ki?m tra ch??ng...
[22:34:44] UI dump: UI hierchary dumped to: /sdcard/window.xml
[22:34:44] ADB pull: /sdcard/window.xml: 1 file pulled, 0 skipped. 1.7 MB/s (19637 bytes in 0.011s)
[22:34:44] ?ã sang ch??ng m?i sau 39 l?n vu?t.
[22:34:44] 
[22:34:44] ========== L?N ??C 12 ==========
[22:34:47] UI dump: UI hierchary dumped to: /sdcard/window.xml
[22:34:47] ADB pull: /sdcard/window.xml: 1 file pulled, 0 skipped. 1.4 MB/s (19637 bytes in 0.014s)
[22:34:47] ?ã l?u: F:\craw\crawTtv\stories\adb-R7AW90DD2NZ-uElabt._adb-tls-connect._tcp\20260724_223447_151_0012_chuong-12-tho-san-cung-con-moi.txt
[22:34:47] S? ký t?: 9710
[22:34:47] B?t ??u vu?t cho t?i khi sang ch??ng m?i...
[22:35:19] ?ã vu?t 13 l?n, ki?m tra ch??ng...
[22:35:21] UI dump: UI hierchary dumped to: /sdcard/window.xml
[22:35:21] ADB pull: /sdcard/window.xml: 1 file pulled, 0 skipped. 1.0 MB/s (19638 bytes in 0.019s)
[22:35:21] Ch?a sang ch??ng m?i, th? x? lý k?t loading cu?i ch??ng...
[22:35:21] Có th? ?ang k?t ? màn loading cu?i ch??ng.
[22:35:21] Vu?t lên 1 nh?p, ??i 10s, r?i vu?t xu?ng 2 l?n...
[22:36:27] ?ã vu?t 26 l?n, ki?m tra ch??ng...
[22:36:30] UI dump: UI hierchary dumped to: /sdcard/window.xml
[22:36:30] ADB pull: /sdcard/window.xml: 1 file pulled, 0 skipped. 1.4 MB/s (20661 bytes in 0.014s)
[22:36:30] Ch?a sang ch??ng m?i, th? x? lý k?t loading cu?i ch??ng...
[22:36:30] Có th? ?ang k?t ? màn loading cu?i ch??ng.
[22:36:30] Vu?t lên 1 nh?p, ??i 10s, r?i vu?t xu?ng 2 l?n...
[22:37:35] ?ã vu?t 39 l?n, ki?m tra ch??ng...
[22:37:38] UI dump: UI hierchary dumped to: /sdcard/window.xml
[22:37:38] ADB pull: /sdcard/window.xml: 1 file pulled, 0 skipped. 0.9 MB/s (19250 bytes in 0.020s)
[22:37:38] ?ã sang ch??ng m?i sau 39 l?n vu?t.
[22:37:38] 
[22:37:38] ========== L?N ??C 13 ==========
[22:37:41] UI dump: UI hierchary dumped to: /sdcard/window.xml
[22:37:41] ADB pull: /sdcard/window.xml: 1 file pulled, 0 skipped. 1.8 MB/s (19250 bytes in 0.010s)
[22:37:41] ?ã l?u: F:\craw\crawTtv\stories\adb-R7AW90DD2NZ-uElabt._adb-tls-connect._tcp\20260724_223741_197_0013_chuong-13-tran-ngap-nguy-hiem.txt
[22:37:41] S? ký t?: 9442
[22:37:41] B?t ??u vu?t cho t?i khi sang ch??ng m?i...
[22:38:14] ?ã vu?t 13 l?n, ki?m tra ch??ng...
[22:38:16] UI dump: UI hierchary dumped to: /sdcard/window.xml
[22:38:16] ADB pull: /sdcard/window.xml: 1 file pulled, 0 skipped. 1.4 MB/s (19251 bytes in 0.013s)
[22:38:16] Ch?a sang ch??ng m?i, th? x? lý k?t loading cu?i ch??ng...
[22:38:16] Có th? ?ang k?t ? màn loading cu?i ch??ng.
[22:38:16] Vu?t lên 1 nh?p, ??i 10s, r?i vu?t xu?ng 2 l?n...
[22:39:22] ?ã vu?t 26 l?n, ki?m tra ch??ng...
[22:39:25] UI dump: UI hierchary dumped to: /sdcard/window.xml
[22:39:25] ADB pull: /sdcard/window.xml: 1 file pulled, 0 skipped. 2.5 MB/s (21657 bytes in 0.008s)
[22:39:25] ?ã sang ch??ng m?i sau 26 l?n vu?t.
[22:39:25] 
[22:39:25] ========== L?N ??C 14 ==========
[22:39:27] UI dump: UI hierchary dumped to: /sdcard/window.xml
[22:39:27] ADB pull: /sdcard/window.xml: 1 file pulled, 0 skipped. 2.0 MB/s (21657 bytes in 0.010s)
[22:39:27] ?ã l?u: F:\craw\crawTtv\stories\adb-R7AW90DD2NZ-uElabt._adb-tls-connect._tcp\20260724_223927_630_0014_chuong-14-cuoi-cung-nhat-hoa-lua.txt
[22:39:27] S? ký t?: 11007
[22:39:27] B?t ??u vu?t cho t?i khi sang ch??ng m?i...
[22:40:00] ?ã vu?t 13 l?n, ki?m tra ch??ng...
[22:40:02] UI dump: UI hierchary dumped to: /sdcard/window.xml
[22:40:02] ADB pull: /sdcard/window.xml: 1 file pulled, 0 skipped. 2.3 MB/s (21658 bytes in 0.009s)
[22:40:02] Ch?a sang ch??ng m?i, th? x? lý k?t loading cu?i ch??ng...
[22:40:02] Có th? ?ang k?t ? màn loading cu?i ch??ng.
[22:40:02] Vu?t lên 1 nh?p, ??i 10s, r?i vu?t xu?ng 2 l?n...
[22:41:08] ?ã vu?t 26 l?n, ki?m tra ch??ng...
[22:41:10] UI dump: UI hierchary dumped to: /sdcard/window.xml
[22:41:10] ADB pull: /sdcard/window.xml: 1 file pulled, 0 skipped. 2.2 MB/s (21658 bytes in 0.009s)
[22:41:10] Ch?a sang ch??ng m?i, th? x? lý k?t loading cu?i ch??ng...
[22:41:10] Có th? ?ang k?t ? màn loading cu?i ch??ng.
[22:41:10] Vu?t lên 1 nh?p, ??i 10s, r?i vu?t xu?ng 2 l?n...
[22:42:16] ?ã vu?t 39 l?n, ki?m tra ch??ng...
[22:42:19] UI dump: UI hierchary dumped to: /sdcard/window.xml
[22:42:19] ADB pull: /sdcard/window.xml: 1 file pulled, 0 skipped. 2.1 MB/s (16940 bytes in 0.008s)
[22:42:19] ?ã sang ch??ng m?i sau 39 l?n vu?t.
[22:42:19] 
[22:42:19] ========== L?N ??C 15 ==========
[22:42:22] UI dump: UI hierchary dumped to: /sdcard/window.xml
[22:42:22] ADB pull: /sdcard/window.xml: 1 file pulled, 0 skipped. 1.5 MB/s (16940 bytes in 0.011s)
[22:42:22] ?ã l?u: F:\craw\crawTtv\stories\adb-R7AW90DD2NZ-uElabt._adb-tls-connect._tcp\20260724_224222_277_0015_chuong-15-lang-anh-hung.txt
[22:42:22] S? ký t?: 7779
[22:42:22] B?t ??u vu?t cho t?i khi sang ch??ng m?i...
[22:42:54] ?ã vu?t 13 l?n, ki?m tra ch??ng...
[22:42:56] UI dump: UI hierchary dumped to: /sdcard/window.xml
[22:42:56] ADB pull: /sdcard/window.xml: 1 file pulled, 0 skipped. 2.1 MB/s (16941 bytes in 0.008s)
[22:42:56] Ch?a sang ch??ng m?i, th? x? lý k?t loading cu?i ch??ng...
[22:42:56] Có th? ?ang k?t ? màn loading cu?i ch??ng.
[22:42:56] Vu?t lên 1 nh?p, ??i 10s, r?i vu?t xu?ng 2 l?n...
[22:44:02] ?ã vu?t 26 l?n, ki?m tra ch??ng...
[22:44:05] UI dump: UI hierchary dumped to: /sdcard/window.xml
[22:44:05] ADB pull: /sdcard/window.xml: 1 file pulled, 0 skipped. 1.4 MB/s (20090 bytes in 0.014s)
[22:44:05] ?ã sang ch??ng m?i sau 26 l?n vu?t.
[22:44:05] 
[22:44:05] ========== L?N ??C 16 ==========
[22:44:08] UI dump: UI hierchary dumped to: /sdcard/window.xml
[22:44:08] ADB pull: /sdcard/window.xml: 1 file pulled, 0 skipped. 1.5 MB/s (20090 bytes in 0.013s)
[22:44:08] ?ã l?u: F:\craw\crawTtv\stories\adb-R7AW90DD2NZ-uElabt._adb-tls-connect._tcp\20260724_224408_280_0016_chuong-16-chien-loi-pham-cung-duong-ve.txt
[22:44:08] S? ký t?: 9965
[22:44:08] B?t ??u vu?t cho t?i khi sang ch??ng m?i...
[22:44:40] ?ã vu?t 13 l?n, ki?m tra ch??ng...
[22:44:42] UI dump: UI hierchary dumped to: /sdcard/window.xml
[22:44:42] ADB pull: /sdcard/window.xml: 1 file pulled, 0 skipped. 1.5 MB/s (20091 bytes in 0.013s)
[22:44:42] Ch?a sang ch??ng m?i, th? x? lý k?t loading cu?i ch??ng...
[22:44:42] Có th? ?ang k?t ? màn loading cu?i ch??ng.
[22:44:42] Vu?t lên 1 nh?p, ??i 10s, r?i vu?t xu?ng 2 l?n...
[22:45:48] ?ã vu?t 26 l?n, ki?m tra ch??ng...
[22:45:50] UI dump: UI hierchary dumped to: /sdcard/window.xml
[22:45:50] ADB pull: /sdcard/window.xml: 1 file pulled, 0 skipped. 2.0 MB/s (18782 bytes in 0.009s)
[22:45:50] ?ã sang ch??ng m?i sau 26 l?n vu?t.
[22:45:50] 
[22:45:50] ========== L?N ??C 17 ==========
[22:45:53] UI dump: UI hierchary dumped to: /sdcard/window.xml
[22:45:53] ADB pull: /sdcard/window.xml: 1 file pulled, 0 skipped. 1.7 MB/s (18782 bytes in 0.010s)
[22:45:53] ?ã l?u: F:\craw\crawTtv\stories\adb-R7AW90DD2NZ-uElabt._adb-tls-connect._tcp\20260724_224553_357_0017_chuong-17-mao-hiem-gia-phan-cap.txt
[22:45:53] S? ký t?: 9059
[22:45:53] B?t ??u vu?t cho t?i khi sang ch??ng m?i...
[22:46:25] ?ã vu?t 13 l?n, ki?m tra ch??ng...
[22:46:28] UI dump: UI hierchary dumped to: /sdcard/window.xml
[22:46:28] ADB pull: /sdcard/window.xml: 1 file pulled, 0 skipped. 1.9 MB/s (18783 bytes in 0.009s)
[22:46:28] Ch?a sang ch??ng m?i, th? x? lý k?t loading cu?i ch??ng...
[22:46:28] Có th? ?ang k?t ? màn loading cu?i ch??ng.
[22:46:28] Vu?t lên 1 nh?p, ??i 10s, r?i vu?t xu?ng 2 l?n...
[22:47:34] ?ã vu?t 26 l?n, ki?m tra ch??ng...
[22:47:36] UI dump: UI hierchary dumped to: /sdcard/window.xml
[22:47:36] ADB pull: /sdcard/window.xml: 1 file pulled, 0 skipped. 1.9 MB/s (21234 bytes in 0.011s)
[22:47:36] ?ã sang ch??ng m?i sau 26 l?n vu?t.
[22:47:36] 
[22:47:36] ========== L?N ??C 18 ==========
[22:47:38] UI dump: UI hierchary dumped to: /sdcard/window.xml
[22:47:38] ADB pull: /sdcard/window.xml: 1 file pulled, 0 skipped. 2.3 MB/s (21234 bytes in 0.009s)
[22:47:38] ?ã l?u: F:\craw\crawTtv\stories\adb-R7AW90DD2NZ-uElabt._adb-tls-connect._tcp\20260724_224738_840_0018_chuong-18-nguoi-quen.txt
[22:47:38] S? ký t?: 10927
[22:47:38] B?t ??u vu?t cho t?i khi sang ch??ng m?i...
[22:48:11] ?ã vu?t 13 l?n, ki?m tra ch??ng...
[22:48:13] UI dump: UI hierchary dumped to: /sdcard/window.xml
[22:48:13] ADB pull: /sdcard/window.xml: 1 file pulled, 0 skipped. 1.7 MB/s (21235 bytes in 0.012s)
[22:48:13] Ch?a sang ch??ng m?i, th? x? lý k?t loading cu?i ch??ng...
[22:48:13] Có th? ?ang k?t ? màn loading cu?i ch??ng.
[22:48:13] Vu?t lên 1 nh?p, ??i 10s, r?i vu?t xu?ng 2 l?n...
[22:49:20] ?ã vu?t 26 l?n, ki?m tra ch??ng...
[22:49:22] UI dump: UI hierchary dumped to: /sdcard/window.xml
[22:49:22] ADB pull: /sdcard/window.xml: 1 file pulled, 0 skipped. 2.1 MB/s (17624 bytes in 0.008s)
[22:49:22] ?ã sang ch??ng m?i sau 26 l?n vu?t.
[22:49:22] 
[22:49:22] ========== L?N ??C 19 ==========
[22:49:25] UI dump: UI hierchary dumped to: /sdcard/window.xml
[22:49:25] ADB pull: /sdcard/window.xml: 1 file pulled, 0 skipped. 1.9 MB/s (17624 bytes in 0.009s)
[22:49:25] ?ã l?u: F:\craw\crawTtv\stories\adb-R7AW90DD2NZ-uElabt._adb-tls-connect._tcp\20260724_224925_091_0019_chuong-19-da-gia-tri.txt
[22:49:25] S? ký t?: 8268
[22:49:25] B?t ??u vu?t cho t?i khi sang ch??ng m?i...
[22:49:58] ?ã vu?t 13 l?n, ki?m tra ch??ng...
[22:50:00] UI dump: UI hierchary dumped to: /sdcard/window.xml
[22:50:00] ADB pull: /sdcard/window.xml: 1 file pulled, 0 skipped. 1.1 MB/s (17625 bytes in 0.015s)
[22:50:00] Ch?a sang ch??ng m?i, th? x? lý k?t loading cu?i ch??ng...
[22:50:00] Có th? ?ang k?t ? màn loading cu?i ch??ng.
[22:50:00] Vu?t lên 1 nh?p, ??i 10s, r?i vu?t xu?ng 2 l?n...
[22:51:07] ?ã vu?t 26 l?n, ki?m tra ch??ng...
[22:51:10] UI dump: UI hierchary dumped to: /sdcard/window.xml
[22:51:10] ADB pull: /sdcard/window.xml: 1 file pulled, 0 skipped. 1.7 MB/s (18228 bytes in 0.010s)
[22:51:10] ?ã sang ch??ng m?i sau 26 l?n vu?t.
[22:51:10] 
[22:51:10] ========== L?N ??C 20 ==========
[22:51:13] UI dump: UI hierchary dumped to: /sdcard/window.xml
[22:51:13] ADB pull: /sdcard/window.xml: 1 file pulled, 0 skipped. 1.1 MB/s (10238 bytes in 0.009s)

CRAWLER B? L?I: Không tìm th?y n?i dung truy?n Mê Truy?n trong content-desc.
java.lang.IllegalStateException: Không tìm th?y n?i dung truy?n Mê Truy?n trong content-desc.
	at com.example.crawttv.MTCMultiChapterCrawlerParaller.extractStory(MTCMultiChapterCrawlerParaller.java:758)
	at com.example.crawttv.MTCMultiChapterCrawlerParaller.crawl(MTCMultiChapterCrawlerParaller.java:399)
	at com.example.crawttv.MTCMultiChapterCrawlerParaller.main(MTCMultiChapterCrawlerParaller.java:302)
[22:57:26] ==============================================
[22:57:26] B?T ??U CRAWL TRUY?N
[22:57:26] Job: adb-R7AW90DD2NZ-uElabt._adb-tls-connect._tcp
[22:57:26] Thi?t b?: adb-R7AW90DD2NZ-uElabt._adb-tls-connect._tcp
[22:57:26] S? ch??ng t?i ?a: 600
[22:57:26] Th? m?c k?t qu?: F:\craw\crawTtv\stories\adb-R7AW90DD2NZ-uElabt._adb-tls-connect._tcp
[22:57:26] ==============================================
[22:57:26] 
[22:57:26] ========== L?N ??C 1 ==========
[22:57:29] UI dump: UI hierchary dumped to: /sdcard/window.xml
[22:57:29] ADB pull: /sdcard/window.xml: 1 file pulled, 0 skipped. 1.7 MB/s (18227 bytes in 0.010s)
[22:57:29] ?ã l?u: F:\craw\crawTtv\stories\adb-R7AW90DD2NZ-uElabt._adb-tls-connect._tcp\20260724_225729_822_0001_chuong-20-chuc-nghiep-gia-con-duong-chuc-giai.txt
[22:57:29] S? ký t?: 8920
[22:57:29] B?t ??u vu?t cho t?i khi sang ch??ng m?i...
[22:58:02] ?ã vu?t 13 l?n, ki?m tra ch??ng...
[22:58:05] UI dump: UI hierchary dumped to: /sdcard/window.xml
[22:58:05] ADB pull: /sdcard/window.xml: 1 file pulled, 0 skipped. 1.5 MB/s (18228 bytes in 0.012s)
[22:58:05] Ch?a sang ch??ng m?i, th? x? lý k?t loading cu?i ch??ng...
[22:58:05] Có th? ?ang k?t ? màn loading cu?i ch??ng.
[22:58:05] Vu?t lên 1 nh?p, ??i 10s, r?i vu?t xu?ng 2 l?n...
[22:59:11] ?ã vu?t 26 l?n, ki?m tra ch??ng...
[22:59:13] UI dump: UI hierchary dumped to: /sdcard/window.xml
[22:59:13] ADB pull: /sdcard/window.xml: 1 file pulled, 0 skipped. 1.4 MB/s (17759 bytes in 0.012s)
[22:59:13] ?ã sang ch??ng m?i sau 26 l?n vu?t.
[22:59:13] 
[22:59:13] ========== L?N ??C 2 ==========
[22:59:16] UI dump: UI hierchary dumped to: /sdcard/window.xml
[22:59:16] ADB pull: /sdcard/window.xml: 1 file pulled, 0 skipped. 1.3 MB/s (17759 bytes in 0.013s)
[22:59:16] ?ã l?u: F:\craw\crawTtv\stories\adb-R7AW90DD2NZ-uElabt._adb-tls-connect._tcp\20260724_225916_417_0002_chuong-21-kiem-manh.txt
[22:59:16] S? ký t?: 8833
[22:59:16] B?t ??u vu?t cho t?i khi sang ch??ng m?i...
[22:59:49] ?ã vu?t 13 l?n, ki?m tra ch??ng...
[22:59:52] UI dump: UI hierchary dumped to: /sdcard/window.xml
[22:59:52] ADB pull: /sdcard/window.xml: 1 file pulled, 0 skipped. 1.9 MB/s (17760 bytes in 0.009s)
[22:59:52] Ch?a sang ch??ng m?i, th? x? lý k?t loading cu?i ch??ng...
[22:59:52] Có th? ?ang k?t ? màn loading cu?i ch??ng.
[22:59:52] Vu?t lên 1 nh?p, ??i 10s, r?i vu?t xu?ng 2 l?n...
[23:00:59] ?ã vu?t 26 l?n, ki?m tra ch??ng...
[23:01:01] UI dump: UI hierchary dumped to: /sdcard/window.xml
[23:01:01] ADB pull: /sdcard/window.xml: 1 file pulled, 0 skipped. 1.3 MB/s (17594 bytes in 0.013s)
[23:01:01] ?ã sang ch??ng m?i sau 26 l?n vu?t.
[23:01:01] 
[23:01:01] ========== L?N ??C 3 ==========
[23:01:04] UI dump: UI hierchary dumped to: /sdcard/window.xml
[23:01:04] ADB pull: /sdcard/window.xml: 1 file pulled, 0 skipped. 0.6 MB/s (17594 bytes in 0.027s)
[23:01:04] ?ã l?u: F:\craw\crawTtv\stories\adb-R7AW90DD2NZ-uElabt._adb-tls-connect._tcp\20260724_230104_385_0003_chuong-22-phap-thuat-lua-chon.txt
[23:01:04] S? ký t?: 8442
[23:01:04] B?t ??u vu?t cho t?i khi sang ch??ng m?i...
[23:01:38] ?ã vu?t 13 l?n, ki?m tra ch??ng...
[23:01:40] UI dump: UI hierchary dumped to: /sdcard/window.xml
[23:01:40] ADB pull: /sdcard/window.xml: 1 file pulled, 0 skipped. 1.7 MB/s (17595 bytes in 0.010s)
[23:01:40] Ch?a sang ch??ng m?i, th? x? lý k?t loading cu?i ch??ng...
[23:01:40] Có th? ?ang k?t ? màn loading cu?i ch??ng.
[23:01:40] Vu?t lên 1 nh?p, ??i 10s, r?i vu?t xu?ng 2 l?n...
[23:02:49] ?ã vu?t 26 l?n, ki?m tra ch??ng...
[23:02:52] UI dump: UI hierchary dumped to: /sdcard/window.xml
[23:02:52] ADB pull: /sdcard/window.xml: 1 file pulled, 0 skipped. 1.5 MB/s (19367 bytes in 0.013s)
[23:02:52] ?ã sang ch??ng m?i sau 26 l?n vu?t.
[23:02:52] 
[23:02:52] ========== L?N ??C 4 ==========
[23:02:54] UI dump: UI hierchary dumped to: /sdcard/window.xml
[23:02:54] ADB pull: /sdcard/window.xml: 1 file pulled, 0 skipped. 1.6 MB/s (19367 bytes in 0.012s)
[23:02:54] ?ã l?u: F:\craw\crawTtv\stories\adb-R7AW90DD2NZ-uElabt._adb-tls-connect._tcp\20260724_230254_830_0004_chuong-23-ma-phap-phi-dan.txt
[23:02:54] S? ký t?: 9881
[23:02:54] B?t ??u vu?t cho t?i khi sang ch??ng m?i...
[23:03:28] ?ã vu?t 13 l?n, ki?m tra ch??ng...
[23:03:31] UI dump: UI hierchary dumped to: /sdcard/window.xml
[23:03:31] ADB pull: /sdcard/window.xml: 1 file pulled, 0 skipped. 1.7 MB/s (19368 bytes in 0.011s)
[23:03:31] Ch?a sang ch??ng m?i, th? x? lý k?t loading cu?i ch??ng...
[23:03:31] Có th? ?ang k?t ? màn loading cu?i ch??ng.
[23:03:31] Vu?t lên 1 nh?p, ??i 10s, r?i vu?t xu?ng 2 l?n...
[23:04:37] ?ã vu?t 26 l?n, ki?m tra ch??ng...
[23:04:40] UI dump: UI hierchary dumped to: /sdcard/window.xml
[23:04:40] ADB pull: /sdcard/window.xml: 1 file pulled, 0 skipped. 1.1 MB/s (19368 bytes in 0.017s)
[23:04:40] Ch?a sang ch??ng m?i, th? x? lý k?t loading cu?i ch??ng...
[23:04:40] Có th? ?ang k?t ? màn loading cu?i ch??ng.
[23:04:40] Vu?t lên 1 nh?p, ??i 10s, r?i vu?t xu?ng 2 l?n...
[23:05:47] ?ã vu?t 39 l?n, ki?m tra ch??ng...
[23:05:50] UI dump: UI hierchary dumped to: /sdcard/window.xml
[23:05:50] ADB pull: /sdcard/window.xml: 1 file pulled, 0 skipped. 2.1 MB/s (18416 bytes in 0.008s)
[23:05:50] ?ã sang ch??ng m?i sau 39 l?n vu?t.
[23:05:50] 
[23:05:50] ========== L?N ??C 5 ==========
[23:05:52] UI dump: UI hierchary dumped to: /sdcard/window.xml
[23:05:52] ADB pull: /sdcard/window.xml: 1 file pulled, 0 skipped. 1.6 MB/s (18416 bytes in 0.011s)
[23:05:52] ?ã l?u: F:\craw\crawTtv\stories\adb-R7AW90DD2NZ-uElabt._adb-tls-connect._tcp\20260724_230552_805_0005_chuong-24-doc-nhat-ngan-tang-duoi-chot-mao-hiem-gia.txt
[23:05:52] S? ký t?: 8966
[23:05:52] B?t ??u vu?t cho t?i khi sang ch??ng m?i...
[23:06:27] ?ã vu?t 13 l?n, ki?m tra ch??ng...
[23:06:29] UI dump: UI hierchary dumped to: /sdcard/window.xml
[23:06:29] ADB pull: /sdcard/window.xml: 1 file pulled, 0 skipped. 1.2 MB/s (18417 bytes in 0.014s)
[23:06:29] Ch?a sang ch??ng m?i, th? x? lý k?t loading cu?i ch??ng...
[23:06:29] Có th? ?ang k?t ? màn loading cu?i ch??ng.
[23:06:29] Vu?t lên 1 nh?p, ??i 10s, r?i vu?t xu?ng 2 l?n...
[23:07:37] ?ã vu?t 26 l?n, ki?m tra ch??ng...
[23:07:39] UI dump: UI hierchary dumped to: /sdcard/window.xml
[23:07:40] ADB pull: /sdcard/window.xml: 1 file pulled, 0 skipped. 1.4 MB/s (17549 bytes in 0.012s)
[23:07:40] ?ã sang ch??ng m?i sau 26 l?n vu?t.
[23:07:40] 
[23:07:40] ========== L?N ??C 6 ==========
[23:07:42] UI dump: UI hierchary dumped to: /sdcard/window.xml
[23:07:42] ADB pull: /sdcard/window.xml: 1 file pulled, 0 skipped. 0.8 MB/s (17549 bytes in 0.021s)
[23:07:42] ?ã l?u: F:\craw\crawTtv\stories\adb-R7AW90DD2NZ-uElabt._adb-tls-connect._tcp\20260724_230742_509_0006_chuong-25-tang-duoi-chot-sinh-thai.txt
[23:07:42] S? ký t?: 8658
[23:07:42] B?t ??u vu?t cho t?i khi sang ch??ng m?i...
[23:08:15] ?ã vu?t 13 l?n, ki?m tra ch??ng...
[23:08:18] UI dump: UI hierchary dumped to: /sdcard/window.xml
[23:08:18] ADB pull: /sdcard/window.xml: 1 file pulled, 0 skipped. 1.6 MB/s (17550 bytes in 0.010s)
[23:08:18] Ch?a sang ch??ng m?i, th? x? lý k?t loading cu?i ch??ng...
[23:08:18] Có th? ?ang k?t ? màn loading cu?i ch??ng.
[23:08:18] Vu?t lên 1 nh?p, ??i 10s, r?i vu?t xu?ng 2 l?n...
[23:09:25] ?ã vu?t 26 l?n, ki?m tra ch??ng...
[23:09:28] UI dump: UI hierchary dumped to: /sdcard/window.xml
[23:09:28] ADB pull: /sdcard/window.xml: 1 file pulled, 0 skipped. 2.0 MB/s (19727 bytes in 0.009s)
[23:09:28] ?ã sang ch??ng m?i sau 26 l?n vu?t.
[23:09:28] 
[23:09:28] ========== L?N ??C 7 ==========
[23:09:30] UI dump: UI hierchary dumped to: /sdcard/window.xml
[23:09:30] ADB pull: /sdcard/window.xml: 1 file pulled, 0 skipped. 1.9 MB/s (19727 bytes in 0.010s)
[23:09:30] ?ã l?u: F:\craw\crawTtv\stories\adb-R7AW90DD2NZ-uElabt._adb-tls-connect._tcp\20260724_230930_699_0007_chuong-26-tinh-anh-tieu-doi.txt
[23:09:30] S? ký t?: 10019
[23:09:30] B?t ??u vu?t cho t?i khi sang ch??ng m?i...
[23:10:04] ?ã vu?t 13 l?n, ki?m tra ch??ng...
[23:10:06] UI dump: UI hierchary dumped to: /sdcard/window.xml
[23:10:06] ADB pull: /sdcard/window.xml: 1 file pulled, 0 skipped. 1.9 MB/s (19727 bytes in 0.010s)
[23:10:06] Ch?a sang ch??ng m?i, th? x? lý k?t loading cu?i ch??ng...
[23:10:06] Có th? ?ang k?t ? màn loading cu?i ch??ng.
[23:10:06] Vu?t lên 1 nh?p, ??i 10s, r?i vu?t xu?ng 2 l?n...
[23:11:14] ?ã vu?t 26 l?n, ki?m tra ch??ng...
[23:11:17] UI dump: UI hierchary dumped to: /sdcard/window.xml
[23:11:17] ADB pull: /sdcard/window.xml: 1 file pulled, 0 skipped. 1.2 MB/s (17030 bytes in 0.013s)
[23:11:17] ?ã sang ch??ng m?i sau 26 l?n vu?t.
[23:11:17] 
[23:11:17] ========== L?N ??C 8 ==========
[23:11:20] UI dump: UI hierchary dumped to: /sdcard/window.xml
[23:11:20] ADB pull: /sdcard/window.xml: 1 file pulled, 0 skipped. 1.6 MB/s (17030 bytes in 0.010s)
[23:11:20] ?ã l?u: F:\craw\crawTtv\stories\adb-R7AW90DD2NZ-uElabt._adb-tls-connect._tcp\20260724_231120_120_0008_chuong-27-giap-da.txt
[23:11:20] S? ký t?: 8242
[23:11:20] B?t ??u vu?t cho t?i khi sang ch??ng m?i...
[23:11:54] ?ã vu?t 13 l?n, ki?m tra ch??ng...
[23:11:56] UI dump: UI hierchary dumped to: /sdcard/window.xml
[23:11:56] ADB pull: /sdcard/window.xml: 1 file pulled, 0 skipped. 0.9 MB/s (17031 bytes in 0.017s)
[23:11:56] Ch?a sang ch??ng m?i, th? x? lý k?t loading cu?i ch??ng...
[23:11:56] Có th? ?ang k?t ? màn loading cu?i ch??ng.
[23:11:56] Vu?t lên 1 nh?p, ??i 10s, r?i vu?t xu?ng 2 l?n...
[23:13:04] ?ã vu?t 26 l?n, ki?m tra ch??ng...
[23:13:06] UI dump: UI hierchary dumped to: /sdcard/window.xml
[23:13:06] ADB pull: /sdcard/window.xml: 1 file pulled, 0 skipped. 1.5 MB/s (17818 bytes in 0.012s)
[23:13:06] ?ã sang ch??ng m?i sau 26 l?n vu?t.
[23:13:06] 
[23:13:06] ========== L?N ??C 9 ==========
[23:13:08] UI dump: UI hierchary dumped to: /sdcard/window.xml
[23:13:08] ADB pull: /sdcard/window.xml: 1 file pulled, 0 skipped. 0.7 MB/s (17818 bytes in 0.024s)
[23:13:08] ?ã l?u: F:\craw\crawTtv\stories\adb-R7AW90DD2NZ-uElabt._adb-tls-connect._tcp\20260724_231308_970_0009_chuong-28-dua-phep-tinh-bao.txt
[23:13:08] S? ký t?: 8629
[23:13:08] B?t ??u vu?t cho t?i khi sang ch??ng m?i...
[23:13:42] ?ã vu?t 13 l?n, ki?m tra ch??ng...
[23:13:45] UI dump: UI hierchary dumped to: /sdcard/window.xml
[23:13:45] ADB pull: /sdcard/window.xml: 1 file pulled, 0 skipped. 1.3 MB/s (17818 bytes in 0.013s)
[23:13:45] Ch?a sang ch??ng m?i, th? x? lý k?t loading cu?i ch??ng...
[23:13:45] Có th? ?ang k?t ? màn loading cu?i ch??ng.
[23:13:45] Vu?t lên 1 nh?p, ??i 10s, r?i vu?t xu?ng 2 l?n...
[23:14:53] ?ã vu?t 26 l?n, ki?m tra ch??ng...
[23:14:56] UI dump: UI hierchary dumped to: /sdcard/window.xml
[23:14:56] ADB pull: /sdcard/window.xml: 1 file pulled, 0 skipped. 0.5 MB/s (17306 bytes in 0.032s)
[23:14:56] ?ã sang ch??ng m?i sau 26 l?n vu?t.
[23:14:56] 
[23:14:56] ========== L?N ??C 10 ==========
[23:14:58] UI dump: UI hierchary dumped to: /sdcard/window.xml
[23:14:58] ADB pull: /sdcard/window.xml: 1 file pulled, 0 skipped. 0.6 MB/s (17306 bytes in 0.028s)
[23:14:58] ?ã l?u: F:\craw\crawTtv\stories\adb-R7AW90DD2NZ-uElabt._adb-tls-connect._tcp\20260724_231458_749_0010_chuong-29-lam-nguoi-so-hai.txt
[23:14:58] S? ký t?: 8390
[23:14:58] B?t ??u vu?t cho t?i khi sang ch??ng m?i...
[23:15:32] ?ã vu?t 13 l?n, ki?m tra ch??ng...
[23:15:35] UI dump: UI hierchary dumped to: /sdcard/window.xml
[23:15:35] ADB pull: /sdcard/window.xml: 1 file pulled, 0 skipped. 1.3 MB/s (17307 bytes in 0.013s)
[23:15:35] Ch?a sang ch??ng m?i, th? x? lý k?t loading cu?i ch??ng...
[23:15:35] Có th? ?ang k?t ? màn loading cu?i ch??ng.
[23:15:35] Vu?t lên 1 nh?p, ??i 10s, r?i vu?t xu?ng 2 l?n...
[23:16:41] ?ã vu?t 26 l?n, ki?m tra ch??ng...
[23:16:44] UI dump: UI hierchary dumped to: /sdcard/window.xml
[23:16:44] ADB pull: /sdcard/window.xml: 1 file pulled, 0 skipped. 1.7 MB/s (19723 bytes in 0.011s)
[23:16:44] ?ã sang ch??ng m?i sau 26 l?n vu?t.
[23:16:44] 
[23:16:44] ========== L?N ??C 11 ==========
[23:16:46] UI dump: UI hierchary dumped to: /sdcard/window.xml
[23:16:46] ADB pull: /sdcard/window.xml: 1 file pulled, 0 skipped. 1.2 MB/s (19723 bytes in 0.016s)
[23:16:46] ?ã l?u: F:\craw\crawTtv\stories\adb-R7AW90DD2NZ-uElabt._adb-tls-connect._tcp\20260724_231646_897_0011_chuong-30-chien-thuat-hach-tam.txt
[23:16:46] S? ký t?: 9819
[23:16:46] B?t ??u vu?t cho t?i khi sang ch??ng m?i...
[23:17:21] ?ã vu?t 13 l?n, ki?m tra ch??ng...
[23:17:23] UI dump: UI hierchary dumped to: /sdcard/window.xml
[23:17:23] ADB pull: /sdcard/window.xml: 1 file pulled, 0 skipped. 1.4 MB/s (19724 bytes in 0.013s)
[23:17:23] Ch?a sang ch??ng m?i, th? x? lý k?t loading cu?i ch??ng...
[23:17:23] Có th? ?ang k?t ? màn loading cu?i ch??ng.
[23:17:23] Vu?t lên 1 nh?p, ??i 10s, r?i vu?t xu?ng 2 l?n...
[23:18:31] ?ã vu?t 26 l?n, ki?m tra ch??ng...
[23:18:34] UI dump: UI hierchary dumped to: /sdcard/window.xml
[23:18:34] ADB pull: /sdcard/window.xml: 1 file pulled, 0 skipped. 0.9 MB/s (16920 bytes in 0.018s)
[23:18:34] ?ã sang ch??ng m?i sau 26 l?n vu?t.
[23:18:34] 
[23:18:34] ========== L?N ??C 12 ==========
[23:18:36] UI dump: UI hierchary dumped to: /sdcard/window.xml
[23:18:36] ADB pull: /sdcard/window.xml: 1 file pulled, 0 skipped. 1.7 MB/s (16920 bytes in 0.009s)
[23:18:36] ?ã l?u: F:\craw\crawTtv\stories\adb-R7AW90DD2NZ-uElabt._adb-tls-connect._tcp\20260724_231836_546_0012_chuong-31-mai-phuc.txt
[23:18:36] S? ký t?: 8171
[23:18:36] B?t ??u vu?t cho t?i khi sang ch??ng m?i...
[23:19:10] ?ã vu?t 13 l?n, ki?m tra ch??ng...
[23:19:12] UI dump: UI hierchary dumped to: /sdcard/window.xml
[23:19:12] ADB pull: /sdcard/window.xml: 1 file pulled, 0 skipped. 1.0 MB/s (16921 bytes in 0.016s)
[23:19:12] Ch?a sang ch??ng m?i, th? x? lý k?t loading cu?i ch??ng...
[23:19:12] Có th? ?ang k?t ? màn loading cu?i ch??ng.
[23:19:12] Vu?t lên 1 nh?p, ??i 10s, r?i vu?t xu?ng 2 l?n...
[23:20:20] ?ã vu?t 26 l?n, ki?m tra ch??ng...
[23:20:23] UI dump: UI hierchary dumped to: /sdcard/window.xml
[23:20:23] ADB pull: /sdcard/window.xml: 1 file pulled, 0 skipped. 1.8 MB/s (19468 bytes in 0.010s)
[23:20:23] ?ã sang ch??ng m?i sau 26 l?n vu?t.
[23:20:23] 
[23:20:23] ========== L?N ??C 13 ==========
[23:20:34] UI dump: ERROR: could not get idle state.
[23:20:34] ADB pull: /sdcard/window.xml: 1 file pulled, 0 skipped. 1.1 MB/s (19468 bytes in 0.016s)
[23:20:34] ?ã l?u: F:\craw\crawTtv\stories\adb-R7AW90DD2NZ-uElabt._adb-tls-connect._tcp\20260724_232034_555_0013_chuong-32-hieu-suat-cao-phoi-hop.txt
[23:20:34] S? ký t?: 9733
[23:20:34] B?t ??u vu?t cho t?i khi sang ch??ng m?i...
[23:21:07] ?ã vu?t 13 l?n, ki?m tra ch??ng...
[23:21:10] UI dump: UI hierchary dumped to: /sdcard/window.xml
[23:21:10] ADB pull: /sdcard/window.xml: 1 file pulled, 0 skipped. 1.2 MB/s (16577 bytes in 0.013s)
[23:21:10] ?ã sang ch??ng m?i sau 13 l?n vu?t.
[23:21:10] 
[23:21:10] ========== L?N ??C 14 ==========
[23:21:13] UI dump: UI hierchary dumped to: /sdcard/window.xml
[23:21:13] ADB pull: /sdcard/window.xml: 1 file pulled, 0 skipped. 1.6 MB/s (16577 bytes in 0.010s)
[23:21:13] ?ã l?u: F:\craw\crawTtv\stories\adb-R7AW90DD2NZ-uElabt._adb-tls-connect._tcp\20260724_232113_361_0014_chuong-33-ta-den-giup-nguoi.txt
[23:21:13] S? ký t?: 8173
[23:21:13] B?t ??u vu?t cho t?i khi sang ch??ng m?i...
[23:21:46] ?ã vu?t 13 l?n, ki?m tra ch??ng...
[23:21:49] UI dump: UI hierchary dumped to: /sdcard/window.xml
[23:21:50] ADB pull: /sdcard/window.xml: 1 file pulled, 0 skipped. 2.1 MB/s (16578 bytes in 0.008s)
[23:21:50] Ch?a sang ch??ng m?i, th? x? lý k?t loading cu?i ch??ng...
[23:21:50] Có th? ?ang k?t ? màn loading cu?i ch??ng.
[23:21:50] Vu?t lên 1 nh?p, ??i 10s, r?i vu?t xu?ng 2 l?n...
[23:22:57] ?ã vu?t 26 l?n, ki?m tra ch??ng...
[23:23:00] UI dump: UI hierchary dumped to: /sdcard/window.xml
[23:23:00] ADB pull: /sdcard/window.xml: 1 file pulled, 0 skipped. 1.7 MB/s (19418 bytes in 0.011s)
[23:23:00] ?ã sang ch??ng m?i sau 26 l?n vu?t.
[23:23:00] 
[23:23:00] ========== L?N ??C 15 ==========
[23:23:02] UI dump: UI hierchary dumped to: /sdcard/window.xml
[23:23:03] ADB pull: /sdcard/window.xml: 1 file pulled, 0 skipped. 2.1 MB/s (19418 bytes in 0.009s)
[23:23:03] ?ã l?u: F:\craw\crawTtv\stories\adb-R7AW90DD2NZ-uElabt._adb-tls-connect._tcp\20260724_232303_053_0015_chuong-34-ve-nha.txt
[23:23:03] S? ký t?: 9895
[23:23:03] B?t ??u vu?t cho t?i khi sang ch??ng m?i...
[23:23:36] ?ã vu?t 13 l?n, ki?m tra ch??ng...
[23:23:38] UI dump: UI hierchary dumped to: /sdcard/window.xml
[23:23:38] ADB pull: /sdcard/window.xml: 1 file pulled, 0 skipped. 1.7 MB/s (19419 bytes in 0.011s)
[23:23:38] Ch?a sang ch??ng m?i, th? x? lý k?t loading cu?i ch??ng...
[23:23:38] Có th? ?ang k?t ? màn loading cu?i ch??ng.
[23:23:38] Vu?t lên 1 nh?p, ??i 10s, r?i vu?t xu?ng 2 l?n...
[23:24:45] ?ã vu?t 26 l?n, ki?m tra ch??ng...
[23:24:48] UI dump: UI hierchary dumped to: /sdcard/window.xml
[23:24:48] ADB pull: /sdcard/window.xml: 1 file pulled, 0 skipped. 0.7 MB/s (19419 bytes in 0.027s)
[23:24:48] Ch?a sang ch??ng m?i, th? x? lý k?t loading cu?i ch??ng...
[23:24:48] Có th? ?ang k?t ? màn loading cu?i ch??ng.
[23:24:48] Vu?t lên 1 nh?p, ??i 10s, r?i vu?t xu?ng 2 l?n...
[23:25:56] ?ã vu?t 39 l?n, ki?m tra ch??ng...
[23:25:58] UI dump: UI hierchary dumped to: /sdcard/window.xml
[23:25:58] ADB pull: /sdcard/window.xml: 1 file pulled, 0 skipped. 1.6 MB/s (17415 bytes in 0.010s)
[23:25:58] ?ã sang ch??ng m?i sau 39 l?n vu?t.
[23:25:58] 
[23:25:58] ========== L?N ??C 16 ==========
[23:26:01] UI dump: UI hierchary dumped to: /sdcard/window.xml
[23:26:01] ADB pull: /sdcard/window.xml: 1 file pulled, 0 skipped. 1.5 MB/s (17415 bytes in 0.011s)
[23:26:01] ?ã l?u: F:\craw\crawTtv\stories\adb-R7AW90DD2NZ-uElabt._adb-tls-connect._tcp\20260724_232601_147_0016_chuong-35-phong-bui-gai.txt
[23:26:01] S? ký t?: 8313
[23:26:01] B?t ??u vu?t cho t?i khi sang ch??ng m?i...
[23:26:35] ?ã vu?t 13 l?n, ki?m tra ch??ng...
[23:26:37] UI dump: UI hierchary dumped to: /sdcard/window.xml
[23:26:37] ADB pull: /sdcard/window.xml: 1 file pulled, 0 skipped. 1.1 MB/s (19451 bytes in 0.017s)
[23:26:37] Ch?a sang ch??ng m?i, th? x? lý k?t loading cu?i ch??ng...
[23:26:37] Có th? ?ang k?t ? màn loading cu?i ch??ng.
[23:26:37] Vu?t lên 1 nh?p, ??i 10s, r?i vu?t xu?ng 2 l?n...
[23:27:44] ?ã vu?t 26 l?n, ki?m tra ch??ng...
[23:27:47] UI dump: UI hierchary dumped to: /sdcard/window.xml
[23:27:47] ADB pull: /sdcard/window.xml: 1 file pulled, 0 skipped. 1.5 MB/s (17126 bytes in 0.011s)
[23:27:47] ?ã sang ch??ng m?i sau 26 l?n vu?t.
[23:27:47] 
[23:27:47] ========== L?N ??C 17 ==========
[23:27:50] UI dump: UI hierchary dumped to: /sdcard/window.xml
[23:27:50] ADB pull: /sdcard/window.xml: 1 file pulled, 0 skipped. 1.5 MB/s (17126 bytes in 0.011s)
[23:27:50] ?ã l?u: F:\craw\crawTtv\stories\adb-R7AW90DD2NZ-uElabt._adb-tls-connect._tcp\20260724_232750_249_0017_chuong-36-dac-biet-ma-luc.txt
[23:27:50] S? ký t?: 8295
[23:27:50] B?t ??u vu?t cho t?i khi sang ch??ng m?i...
[23:28:24] ?ã vu?t 13 l?n, ki?m tra ch??ng...
[23:28:27] UI dump: UI hierchary dumped to: /sdcard/window.xml
[23:28:27] ADB pull: /sdcard/window.xml: 1 file pulled, 0 skipped. 1.4 MB/s (17127 bytes in 0.012s)
[23:28:27] Ch?a sang ch??ng m?i, th? x? lý k?t loading cu?i ch??ng...
[23:28:27] Có th? ?ang k?t ? màn loading cu?i ch??ng.
[23:28:27] Vu?t lên 1 nh?p, ??i 10s, r?i vu?t xu?ng 2 l?n...
[23:29:34] ?ã vu?t 26 l?n, ki?m tra ch??ng...
[23:29:37] UI dump: UI hierchary dumped to: /sdcard/window.xml
[23:29:37] ADB pull: /sdcard/window.xml: 1 file pulled, 0 skipped. 0.6 MB/s (17432 bytes in 0.030s)
[23:29:37] ?ã sang ch??ng m?i sau 26 l?n vu?t.
[23:29:37] 
[23:29:37] ========== L?N ??C 18 ==========
[23:29:40] UI dump: UI hierchary dumped to: /sdcard/window.xml
[23:29:40] ADB pull: /sdcard/window.xml: 1 file pulled, 0 skipped. 1.9 MB/s (17432 bytes in 0.009s)
[23:29:40] ?ã l?u: F:\craw\crawTtv\stories\adb-R7AW90DD2NZ-uElabt._adb-tls-connect._tcp\20260724_232940_150_0018_chuong-37-ky-quai-thu-truong-cung-quai-thai.txt
[23:29:40] S? ký t?: 8269
[23:29:40] B?t ??u vu?t cho t?i khi sang ch??ng m?i...
[23:30:13] ?ã vu?t 13 l?n, ki?m tra ch??ng...
[23:30:16] UI dump: UI hierchary dumped to: /sdcard/window.xml
[23:30:16] ADB pull: /sdcard/window.xml: 1 file pulled, 0 skipped. 1.6 MB/s (17433 bytes in 0.011s)
[23:30:16] Ch?a sang ch??ng m?i, th? x? lý k?t loading cu?i ch??ng...
[23:30:16] Có th? ?ang k?t ? màn loading cu?i ch??ng.
[23:30:16] Vu?t lên 1 nh?p, ??i 10s, r?i vu?t xu?ng 2 l?n...
[23:31:23] ?ã vu?t 26 l?n, ki?m tra ch??ng...
[23:31:26] UI dump: UI hierchary dumped to: /sdcard/window.xml
[23:31:26] ADB pull: /sdcard/window.xml: 1 file pulled, 0 skipped. 1.7 MB/s (17190 bytes in 0.009s)
[23:31:26] ?ã sang ch??ng m?i sau 26 l?n vu?t.
[23:31:26] 
[23:31:26] ========== L?N ??C 19 ==========
[23:31:28] UI dump: UI hierchary dumped to: /sdcard/window.xml
[23:31:28] ADB pull: /sdcard/window.xml: 1 file pulled, 0 skipped. 2.0 MB/s (17190 bytes in 0.008s)
[23:31:28] ?ã l?u: F:\craw\crawTtv\stories\adb-R7AW90DD2NZ-uElabt._adb-tls-connect._tcp\20260724_233128_611_0019_chuong-38-thuc-luc-tang-len.txt
[23:31:28] S? ký t?: 8352
[23:31:28] B?t ??u vu?t cho t?i khi sang ch??ng m?i...
[23:32:02] ?ã vu?t 13 l?n, ki?m tra ch??ng...
[23:32:04] UI dump: UI hierchary dumped to: /sdcard/window.xml
[23:32:04] ADB pull: /sdcard/window.xml: 1 file pulled, 0 skipped. 1.3 MB/s (17191 bytes in 0.013s)
[23:32:04] Ch?a sang ch??ng m?i, th? x? lý k?t loading cu?i ch??ng...
[23:32:04] Có th? ?ang k?t ? màn loading cu?i ch??ng.
[23:32:04] Vu?t lên 1 nh?p, ??i 10s, r?i vu?t xu?ng 2 l?n...
[23:33:12] ?ã vu?t 26 l?n, ki?m tra ch??ng...
[23:33:15] UI dump: UI hierchary dumped to: /sdcard/window.xml
[23:33:15] ADB pull: /sdcard/window.xml: 1 file pulled, 0 skipped. 1.0 MB/s (16825 bytes in 0.017s)
[23:33:15] ?ã sang ch??ng m?i sau 26 l?n vu?t.
[23:33:15] 
[23:33:15] ========== L?N ??C 20 ==========
[23:33:17] UI dump: UI hierchary dumped to: /sdcard/window.xml
[23:33:17] ADB pull: /sdcard/window.xml: 1 file pulled, 0 skipped. 1.5 MB/s (16825 bytes in 0.011s)
[23:33:17] ?ã l?u: F:\craw\crawTtv\stories\adb-R7AW90DD2NZ-uElabt._adb-tls-connect._tcp\20260724_233317_779_0020_chuong-39-chat-nhay-slime.txt
[23:33:17] S? ký t?: 7898
[23:33:17] B?t ??u vu?t cho t?i khi sang ch??ng m?i...
[23:33:51] ?ã vu?t 13 l?n, ki?m tra ch??ng...
[23:33:53] UI dump: UI hierchary dumped to: /sdcard/window.xml
[23:33:53] ADB pull: /sdcard/window.xml: 1 file pulled, 0 skipped. 1.7 MB/s (16825 bytes in 0.010s)
[23:33:53] Ch?a sang ch??ng m?i, th? x? lý k?t loading cu?i ch??ng...
[23:33:53] Có th? ?ang k?t ? màn loading cu?i ch??ng.
[23:33:53] Vu?t lên 1 nh?p, ??i 10s, r?i vu?t xu?ng 2 l?n...
[23:35:00] ?ã vu?t 26 l?n, ki?m tra ch??ng...
[23:35:03] UI dump: UI hierchary dumped to: /sdcard/window.xml
[23:35:03] ADB pull: /sdcard/window.xml: 1 file pulled, 0 skipped. 1.9 MB/s (18388 bytes in 0.009s)
[23:35:03] ?ã sang ch??ng m?i sau 26 l?n vu?t.
[23:35:03] 
[23:35:03] ========== L?N ??C 21 ==========
[23:35:05] UI dump: UI hierchary dumped to: /sdcard/window.xml
[23:35:05] ADB pull: /sdcard/window.xml: 1 file pulled, 0 skipped. 1.5 MB/s (18388 bytes in 0.011s)
[23:35:05] ?ã l?u: F:\craw\crawTtv\stories\adb-R7AW90DD2NZ-uElabt._adb-tls-connect._tcp\20260724_233505_868_0021_chuong-40-do-giam-kinh-hi.txt
[23:35:05] S? ký t?: 9478
[23:35:05] B?t ??u vu?t cho t?i khi sang ch??ng m?i...
[23:35:39] ?ã vu?t 13 l?n, ki?m tra ch??ng...
[23:35:42] UI dump: UI hierchary dumped to: /sdcard/window.xml
[23:35:42] ADB pull: /sdcard/window.xml: 1 file pulled, 0 skipped. 1.7 MB/s (18389 bytes in 0.010s)
[23:35:42] Ch?a sang ch??ng m?i, th? x? lý k?t loading cu?i ch??ng...
[23:35:42] Có th? ?ang k?t ? màn loading cu?i ch??ng.
[23:35:42] Vu?t lên 1 nh?p, ??i 10s, r?i vu?t xu?ng 2 l?n...
[23:36:49] ?ã vu?t 26 l?n, ki?m tra ch??ng...
[23:36:51] UI dump: UI hierchary dumped to: /sdcard/window.xml
[23:36:52] ADB pull: /sdcard/window.xml: 1 file pulled, 0 skipped. 1.4 MB/s (17817 bytes in 0.012s)
[23:36:52] ?ã sang ch??ng m?i sau 26 l?n vu?t.
[23:36:52] 
[23:36:52] ========== L?N ??C 22 ==========
[23:36:54] UI dump: UI hierchary dumped to: /sdcard/window.xml
[23:36:54] ADB pull: /sdcard/window.xml: 1 file pulled, 0 skipped. 1.4 MB/s (17817 bytes in 0.012s)
[23:36:54] ?ã l?u: F:\craw\crawTtv\stories\adb-R7AW90DD2NZ-uElabt._adb-tls-connect._tcp\20260724_233654_394_0022_chuong-41-gap-dich-gia-yeu.txt
[23:36:54] S? ký t?: 8824
[23:36:54] B?t ??u vu?t cho t?i khi sang ch??ng m?i...
[23:37:28] ?ã vu?t 13 l?n, ki?m tra ch??ng...
[23:37:30] UI dump: UI hierchary dumped to: /sdcard/window.xml
[23:37:30] ADB pull: /sdcard/window.xml: 1 file pulled, 0 skipped. 1.2 MB/s (17818 bytes in 0.014s)
[23:37:30] Ch?a sang ch??ng m?i, th? x? lý k?t loading cu?i ch??ng...
[23:37:30] Có th? ?ang k?t ? màn loading cu?i ch??ng.
[23:37:30] Vu?t lên 1 nh?p, ??i 10s, r?i vu?t xu?ng 2 l?n...
[23:38:37] ?ã vu?t 26 l?n, ki?m tra ch??ng...
[23:38:40] UI dump: UI hierchary dumped to: /sdcard/window.xml
[23:38:40] ADB pull: /sdcard/window.xml: 1 file pulled, 0 skipped. 1.7 MB/s (18452 bytes in 0.010s)
[23:38:40] ?ã sang ch??ng m?i sau 26 l?n vu?t.
[23:38:40] 
[23:38:40] ========== L?N ??C 23 ==========
[23:38:43] UI dump: UI hierchary dumped to: /sdcard/window.xml
[23:38:43] ADB pull: /sdcard/window.xml: 1 file pulled, 0 skipped. 2.2 MB/s (18452 bytes in 0.008s)
[23:38:43] ?ã l?u: F:\craw\crawTtv\stories\adb-R7AW90DD2NZ-uElabt._adb-tls-connect._tcp\20260724_233843_255_0023_chuong-42-tien-cong-dai-hach.txt
[23:38:43] S? ký t?: 9073
[23:38:43] B?t ??u vu?t cho t?i khi sang ch??ng m?i...
[23:39:16] ?ã vu?t 13 l?n, ki?m tra ch??ng...
[23:39:19] UI dump: UI hierchary dumped to: /sdcard/window.xml
[23:39:19] ADB pull: /sdcard/window.xml: 1 file pulled, 0 skipped. 1.2 MB/s (18453 bytes in 0.015s)
[23:39:19] Ch?a sang ch??ng m?i, th? x? lý k?t loading cu?i ch??ng...
[23:39:19] Có th? ?ang k?t ? màn loading cu?i ch??ng.
[23:39:19] Vu?t lên 1 nh?p, ??i 10s, r?i vu?t xu?ng 2 l?n...
[23:40:27] ?ã vu?t 26 l?n, ki?m tra ch??ng...
[23:40:29] UI dump: UI hierchary dumped to: /sdcard/window.xml
[23:40:29] ADB pull: /sdcard/window.xml: 1 file pulled, 0 skipped. 1.8 MB/s (17615 bytes in 0.010s)
[23:40:29] ?ã sang ch??ng m?i sau 26 l?n vu?t.
[23:40:29] 
[23:40:29] ========== L?N ??C 24 ==========
[23:40:32] UI dump: UI hierchary dumped to: /sdcard/window.xml
[23:40:32] ADB pull: /sdcard/window.xml: 1 file pulled, 0 skipped. 2.0 MB/s (17615 bytes in 0.008s)
[23:40:32] ?ã l?u: F:\craw\crawTtv\stories\adb-R7AW90DD2NZ-uElabt._adb-tls-connect._tcp\20260724_234032_314_0024_chuong-43-gauss-than-the.txt
[23:40:32] S? ký t?: 8892
[23:40:32] B?t ??u vu?t cho t?i khi sang ch??ng m?i...
[23:41:05] ?ã vu?t 13 l?n, ki?m tra ch??ng...
[23:41:07] UI dump: UI hierchary dumped to: /sdcard/window.xml
[23:41:08] ADB pull: /sdcard/window.xml: 1 file pulled, 0 skipped. 1.5 MB/s (17616 bytes in 0.012s)
[23:41:08] Ch?a sang ch??ng m?i, th? x? lý k?t loading cu?i ch??ng...
[23:41:08] Có th? ?ang k?t ? màn loading cu?i ch??ng.
[23:41:08] Vu?t lên 1 nh?p, ??i 10s, r?i vu?t xu?ng 2 l?n...
[23:42:14] ?ã vu?t 26 l?n, ki?m tra ch??ng...
[23:42:17] UI dump: UI hierchary dumped to: /sdcard/window.xml
[23:42:17] ADB pull: /sdcard/window.xml: 1 file pulled, 0 skipped. 1.6 MB/s (16735 bytes in 0.010s)
[23:42:17] ?ã sang ch??ng m?i sau 26 l?n vu?t.
[23:42:17] 
[23:42:17] ========== L?N ??C 25 ==========
[23:42:19] UI dump: UI hierchary dumped to: /sdcard/window.xml
[23:42:19] ADB pull: /sdcard/window.xml: 1 file pulled, 0 skipped. 1.5 MB/s (16735 bytes in 0.011s)
[23:42:19] ?ã l?u: F:\craw\crawTtv\stories\adb-R7AW90DD2NZ-uElabt._adb-tls-connect._tcp\20260724_234219_643_0025_chuong-44-mua-xoi-xa-sau.txt
[23:42:19] S? ký t?: 8244
[23:42:19] B?t ??u vu?t cho t?i khi sang ch??ng m?i...
[23:42:52] ?ã vu?t 13 l?n, ki?m tra ch??ng...
[23:42:55] UI dump: UI hierchary dumped to: /sdcard/window.xml
[23:42:55] ADB pull: /sdcard/window.xml: 1 file pulled, 0 skipped. 1.4 MB/s (16736 bytes in 0.011s)
[23:42:55] Ch?a sang ch??ng m?i, th? x? lý k?t loading cu?i ch??ng...
[23:42:55] Có th? ?ang k?t ? màn loading cu?i ch??ng.
[23:42:55] Vu?t lên 1 nh?p, ??i 10s, r?i vu?t xu?ng 2 l?n...
[23:44:00] ?ã vu?t 26 l?n, ki?m tra ch??ng...
[23:44:02] UI dump: UI hierchary dumped to: /sdcard/window.xml
[23:44:02] ADB pull: /sdcard/window.xml: 1 file pulled, 0 skipped. 1.2 MB/s (17090 bytes in 0.013s)
[23:44:02] ?ã sang ch??ng m?i sau 26 l?n vu?t.
[23:44:02] 
[23:44:02] ========== L?N ??C 26 ==========
[23:44:05] UI dump: UI hierchary dumped to: /sdcard/window.xml
[23:44:05] ADB pull: /sdcard/window.xml: 1 file pulled, 0 skipped. 1.1 MB/s (17090 bytes in 0.015s)
[23:44:05] ?ã l?u: F:\craw\crawTtv\stories\adb-R7AW90DD2NZ-uElabt._adb-tls-connect._tcp\20260724_234405_356_0026_chuong-45-may-ngay-lien-mua-chuc-nghiep-gia.txt
[23:44:05] S? ký t?: 8208
[23:44:05] B?t ??u vu?t cho t?i khi sang ch??ng m?i...
[23:44:37] ?ã vu?t 13 l?n, ki?m tra ch??ng...
[23:44:39] UI dump: UI hierchary dumped to: /sdcard/window.xml
[23:44:39] ADB pull: /sdcard/window.xml: 1 file pulled, 0 skipped. 2.0 MB/s (17090 bytes in 0.008s)
[23:44:39] Ch?a sang ch??ng m?i, th? x? lý k?t loading cu?i ch??ng...
[23:44:39] Có th? ?ang k?t ? màn loading cu?i ch??ng.
[23:44:39] Vu?t lên 1 nh?p, ??i 10s, r?i vu?t xu?ng 2 l?n...
[23:45:46] ?ã vu?t 26 l?n, ki?m tra ch??ng...
[23:45:48] UI dump: UI hierchary dumped to: /sdcard/window.xml
[23:45:48] ADB pull: /sdcard/window.xml: 1 file pulled, 0 skipped. 0.8 MB/s (20408 bytes in 0.025s)
[23:45:48] ?ã sang ch??ng m?i sau 26 l?n vu?t.
[23:45:48] 
[23:45:48] ========== L?N ??C 27 ==========
[23:45:50] UI dump: UI hierchary dumped to: /sdcard/window.xml
[23:45:51] ADB pull: /sdcard/window.xml: 1 file pulled, 0 skipped. 1.2 MB/s (20408 bytes in 0.016s)
[23:45:51] ?ã l?u: F:\craw\crawTtv\stories\adb-R7AW90DD2NZ-uElabt._adb-tls-connect._tcp\20260724_234551_046_0027_chuong-46-ben-tau-cung-bien-mat-quy-nuoc-sua.txt
[23:45:51] S? ký t?: 10353
[23:45:51] B?t ??u vu?t cho t?i khi sang ch??ng m?i...
[23:46:23] ?ã vu?t 13 l?n, ki?m tra ch??ng...
[23:46:26] UI dump: UI hierchary dumped to: /sdcard/window.xml
[23:46:26] ADB pull: /sdcard/window.xml: 1 file pulled, 0 skipped. 1.5 MB/s (20408 bytes in 0.013s)
[23:46:26] Ch?a sang ch??ng m?i, th? x? lý k?t loading cu?i ch??ng...
[23:46:26] Có th? ?ang k?t ? màn loading cu?i ch??ng.
[23:46:26] Vu?t lên 1 nh?p, ??i 10s, r?i vu?t xu?ng 2 l?n...
[23:47:32] ?ã vu?t 26 l?n, ki?m tra ch??ng...
[23:47:34] UI dump: UI hierchary dumped to: /sdcard/window.xml
[23:47:34] ADB pull: /sdcard/window.xml: 1 file pulled, 0 skipped. 0.8 MB/s (16607 bytes in 0.019s)
[23:47:34] ?ã sang ch??ng m?i sau 26 l?n vu?t.
[23:47:34] 
[23:47:34] ========== L?N ??C 28 ==========
[23:47:37] UI dump: UI hierchary dumped to: /sdcard/window.xml
[23:47:37] ADB pull: /sdcard/window.xml: 1 file pulled, 0 skipped. 0.7 MB/s (16607 bytes in 0.024s)
[23:47:37] ?ã l?u: F:\craw\crawTtv\stories\adb-R7AW90DD2NZ-uElabt._adb-tls-connect._tcp\20260724_234737_095_0028_chuong-47-can-than-quy-nuoc.txt
[23:47:37] S? ký t?: 8186
[23:47:37] B?t ??u vu?t cho t?i khi sang ch??ng m?i...
[23:48:10] ?ã vu?t 13 l?n, ki?m tra ch??ng...
[23:48:12] UI dump: UI hierchary dumped to: /sdcard/window.xml
[23:48:12] ADB pull: /sdcard/window.xml: 1 file pulled, 0 skipped. 0.9 MB/s (16927 bytes in 0.017s)
[23:48:12] ?ã sang ch??ng m?i sau 13 l?n vu?t.
[23:48:12] 
[23:48:12] ========== L?N ??C 29 ==========
[23:48:15] UI dump: UI hierchary dumped to: /sdcard/window.xml
[23:48:15] ADB pull: /sdcard/window.xml: 1 file pulled, 0 skipped. 1.7 MB/s (16927 bytes in 0.009s)
[23:48:15] ?ã l?u: F:\craw\crawTtv\stories\adb-R7AW90DD2NZ-uElabt._adb-tls-connect._tcp\20260724_234815_358_0029_chuong-48-trong-doi-dai-ca.txt
[23:48:15] S? ký t?: 8257
[23:48:15] B?t ??u vu?t cho t?i khi sang ch??ng m?i...
[23:48:48] ?ã vu?t 13 l?n, ki?m tra ch??ng...
[23:48:50] UI dump: UI hierchary dumped to: /sdcard/window.xml
[23:48:50] ADB pull: /sdcard/window.xml: 1 file pulled, 0 skipped. 1.8 MB/s (16928 bytes in 0.009s)
[23:48:50] Ch?a sang ch??ng m?i, th? x? lý k?t loading cu?i ch??ng...
[23:48:50] Có th? ?ang k?t ? màn loading cu?i ch??ng.
[23:48:50] Vu?t lên 1 nh?p, ??i 10s, r?i vu?t xu?ng 2 l?n...
[23:49:56] ?ã vu?t 26 l?n, ki?m tra ch??ng...
[23:49:58] UI dump: UI hierchary dumped to: /sdcard/window.xml
[23:49:58] ADB pull: /sdcard/window.xml: 1 file pulled, 0 skipped. 1.1 MB/s (17197 bytes in 0.015s)
[23:49:58] ?ã sang ch??ng m?i sau 26 l?n vu?t.
[23:49:58] 
[23:49:58] ========== L?N ??C 30 ==========
[23:50:01] UI dump: UI hierchary dumped to: /sdcard/window.xml
[23:50:01] ADB pull: /sdcard/window.xml: 1 file pulled, 0 skipped. 1.4 MB/s (17197 bytes in 0.012s)
[23:50:01] ?ã l?u: F:\craw\crawTtv\stories\adb-R7AW90DD2NZ-uElabt._adb-tls-connect._tcp\20260724_235001_246_0030_chuong-49-duoi-anh-trang-quai-vat.txt
[23:50:01] S? ký t?: 8630
[23:50:01] B?t ??u vu?t cho t?i khi sang ch??ng m?i...
[23:50:33] ?ã vu?t 13 l?n, ki?m tra ch??ng...
[23:50:36] UI dump: UI hierchary dumped to: /sdcard/window.xml
[23:50:36] ADB pull: /sdcard/window.xml: 1 file pulled, 0 skipped. 1.0 MB/s (17198 bytes in 0.016s)
[23:50:36] Ch?a sang ch??ng m?i, th? x? lý k?t loading cu?i ch??ng...
[23:50:36] Có th? ?ang k?t ? màn loading cu?i ch??ng.
[23:50:36] Vu?t lên 1 nh?p, ??i 10s, r?i vu?t xu?ng 2 l?n...
[23:51:42] ?ã vu?t 26 l?n, ki?m tra ch??ng...
[23:51:45] UI dump: UI hierchary dumped to: /sdcard/window.xml
[23:51:45] ADB pull: /sdcard/window.xml: 1 file pulled, 0 skipped. 1.1 MB/s (17217 bytes in 0.015s)
[23:51:45] ?ã sang ch??ng m?i sau 26 l?n vu?t.
[23:51:45] 
[23:51:45] ========== L?N ??C 31 ==========
[23:51:47] UI dump: UI hierchary dumped to: /sdcard/window.xml
[23:51:47] ADB pull: /sdcard/window.xml: 1 file pulled, 0 skipped. 0.9 MB/s (17217 bytes in 0.018s)
[23:51:47] ?ã l?u: F:\craw\crawTtv\stories\adb-R7AW90DD2NZ-uElabt._adb-tls-connect._tcp\20260724_235147_646_0031_chuong-50-song-sot-sau-kiep-nan.txt
[23:51:47] S? ký t?: 8416
[23:51:47] B?t ??u vu?t cho t?i khi sang ch??ng m?i...
