[01:50:35] ==============================================
[01:50:35] B?T ??U CRAWL TRUY?N
[01:50:35] Thi?t b?: emulator-5554
[01:50:35] S? ch??ng t?i ?a: 100
[01:50:35] Th? m?c k?t qu?: F:\craw\crawTtv\stories
[01:50:35] ==============================================
[01:50:35] 
[01:50:35] ========== L?N ??C 1 ==========
[01:50:36] L?nh ADB l?i, th? l?i 1/3...
[01:50:37] L?nh ADB l?i, th? l?i 2/3...
[01:50:40] UI dump: UI hierchary dumped to: /sdcard/window.xml
[01:50:40] ADB pull: /sdcard/window.xml: 1 file pulled, 0 skipped. 7.9 MB/s (24809 bytes in 0.003s)
[01:50:40] ?Ð l?u: F:\craw\crawTtv\stories\000183_run_0001_Chuong_183_Chieu_Nguyen_ao_The.txt
[01:50:40] S? k» t?: 8695
[01:50:40] Ch?a th?y nºt Ch??ng sau. Th? hi?n thanh ?i?u khi?n...
[01:50:42] L?nh ADB l?i, th? l?i 1/3...
[01:50:51] UI dump: UI hierchary dumped to: /sdcard/window.xml
[01:50:51] ADB pull: /sdcard/window.xml: 1 file pulled, 0 skipped. 2.5 MB/s (7524 bytes in 0.003s)
[01:50:51] Kh¶ng th?y nºt. Vu?t d?c 8 l?n ?? cu?n h?t ch??ng hi?n t?i...
[01:50:58] Ch? ch??ng m?i t?i, l?n 1/5 trong 1 phºt...
[01:51:00] L?nh ADB l?i, th? l?i 1/3...
[01:51:03] UI dump: UI hierchary dumped to: /sdcard/window.xml
[01:51:03] ADB pull: /sdcard/window.xml: 1 file pulled, 0 skipped. 9.7 MB/s (25369 bytes in 0.003s)
[01:51:03] ?Ð nh?n ???c n?i dung ch??ng m?i.
[01:51:03] 
[01:51:03] ========== L?N ??C 2 ==========
[01:51:03] L?nh ADB l?i, th? l?i 1/3...
[01:51:07] UI dump: UI hierchary dumped to: /sdcard/window.xml
[01:51:07] ADB pull: /sdcard/window.xml: 1 file pulled, 0 skipped. 6.2 MB/s (19058 bytes in 0.003s)
[01:51:07] ?Ð l?u: F:\craw\crawTtv\stories\000184_run_0002_Chuong_184_Tu_sac_quyen_truc.txt
[01:51:07] S? k» t?: 8833
[01:51:07] Ch?a th?y nºt Ch??ng sau. Th? hi?n thanh ?i?u khi?n...
[01:51:08] L?nh ADB l?i, th? l?i 1/3...
[01:51:12] UI dump: UI hierchary dumped to: /sdcard/window.xml
[01:51:12] ADB pull: /sdcard/window.xml: 1 file pulled, 0 skipped. 4.3 MB/s (13835 bytes in 0.003s)
[01:51:12] Kh¶ng th?y nºt. Vu?t d?c 8 l?n ?? cu?n h?t ch??ng hi?n t?i...
[01:51:20] Ch? ch??ng m?i t?i, l?n 1/5 trong 1 phºt...
[01:51:21] L?nh ADB l?i, th? l?i 1/3...
[01:51:24] UI dump: UI hierchary dumped to: /sdcard/window.xml
[01:51:25] ADB pull: /sdcard/window.xml: 1 file pulled, 0 skipped. 7.9 MB/s (23770 bytes in 0.003s)
[01:51:25] ?Ð nh?n ???c n?i dung ch??ng m?i.
[01:51:25] 
[01:51:25] ========== L?N ??C 3 ==========
[01:51:25] L?nh ADB l?i, th? l?i 1/3...
[01:51:28] UI dump: UI hierchary dumped to: /sdcard/window.xml
[01:51:28] ADB pull: /sdcard/window.xml: 1 file pulled, 0 skipped. 1.7 MB/s (17459 bytes in 0.010s)
[01:51:28] ?Ð l?u: F:\craw\crawTtv\stories\000185_run_0003_Chuong_185_Bat_Hon_an.txt
[01:51:28] S? k» t?: 7878
[01:51:28] Ch?a th?y nºt Ch??ng sau. Th? hi?n thanh ?i?u khi?n...
[01:51:29] L?nh ADB l?i, th? l?i 1/3...
[01:51:35] UI dump: UI hierchary dumped to: /sdcard/window.xml
[01:51:35] ADB pull: /sdcard/window.xml: 1 file pulled, 0 skipped. 1.9 MB/s (7524 bytes in 0.004s)
[01:51:35] Kh¶ng th?y nºt. Vu?t d?c 8 l?n ?? cu?n h?t ch??ng hi?n t?i...
[01:51:42] Ch? ch??ng m?i t?i, l?n 1/5 trong 1 phºt...
[01:51:46] UI dump: UI hierchary dumped to: /sdcard/window.xml
[01:51:46] ADB pull: /sdcard/window.xml: 1 file pulled, 0 skipped. 3.8 MB/s (19041 bytes in 0.005s)
[01:51:46] ?Ð nh?n ???c n?i dung ch??ng m?i.
[01:51:46] 
[01:51:46] ========== L?N ??C 4 ==========
[01:51:46] L?nh ADB l?i, th? l?i 1/3...
[01:51:50] UI dump: UI hierchary dumped to: /sdcard/window.xml
[01:51:50] ADB pull: /sdcard/window.xml: 1 file pulled, 0 skipped. 4.5 MB/s (25352 bytes in 0.005s)
[01:51:50] ?Ð l?u: F:\craw\crawTtv\stories\000186_run_0004_Chuong_186_Van_vat_sinh_linh.txt
[01:51:50] S? k» t?: 9027
[01:51:50] Ch?a th?y nºt Ch??ng sau. Th? hi?n thanh ?i?u khi?n...
[01:51:51] L?nh ADB l?i, th? l?i 1/3...
[01:51:55] UI dump: UI hierchary dumped to: /sdcard/window.xml
[01:51:55] ADB pull: /sdcard/window.xml: 1 file pulled, 0 skipped. 1.1 MB/s (7524 bytes in 0.006s)
[01:51:55] Kh¶ng th?y nºt. Vu?t d?c 8 l?n ?? cu?n h?t ch??ng hi?n t?i...
[01:52:02] Ch? ch??ng m?i t?i, l?n 1/5 trong 1 phºt...
[01:52:06] UI dump: UI hierchary dumped to: /sdcard/window.xml
[01:52:06] ADB pull: /sdcard/window.xml: 1 file pulled, 0 skipped. 4.2 MB/s (17630 bytes in 0.004s)
[01:52:06] ?Ð nh?n ???c n?i dung ch??ng m?i.
[01:52:06] 
[01:52:06] ========== L?N ??C 5 ==========
[01:52:06] L?nh ADB l?i, th? l?i 1/3...
[01:52:09] UI dump: UI hierchary dumped to: /sdcard/window.xml
[01:52:09] ADB pull: /sdcard/window.xml: 1 file pulled, 0 skipped. 5.9 MB/s (23941 bytes in 0.004s)
[01:52:09] ?Ð l?u: F:\craw\crawTtv\stories\000187_run_0005_Chuong_187_a_thanh_inh_cuc.txt
[01:52:09] S? k» t?: 8011
[01:52:09] Ch?a th?y nºt Ch??ng sau. Th? hi?n thanh ?i?u khi?n...
[01:52:10] L?nh ADB l?i, th? l?i 1/3...
[01:52:15] UI dump: UI hierchary dumped to: /sdcard/window.xml
[01:52:15] ADB pull: /sdcard/window.xml: 1 file pulled, 0 skipped. 0.6 MB/s (7524 bytes in 0.011s)
[01:52:15] Kh¶ng th?y nºt. Vu?t d?c 8 l?n ?? cu?n h?t ch??ng hi?n t?i...
[01:52:22] Ch? ch??ng m?i t?i, l?n 1/5 trong 1 phºt...
[01:52:26] UI dump: UI hierchary dumped to: /sdcard/window.xml
[01:52:26] ADB pull: /sdcard/window.xml: 1 file pulled, 0 skipped. 8.2 MB/s (24664 bytes in 0.003s)
[01:52:26] ?Ð nh?n ???c n?i dung ch??ng m?i.
[01:52:26] 
[01:52:26] ========== L?N ??C 6 ==========
[01:52:26] L?nh ADB l?i, th? l?i 1/3...
[01:52:30] UI dump: UI hierchary dumped to: /sdcard/window.xml
[01:52:30] ADB pull: /sdcard/window.xml: 1 file pulled, 0 skipped. 5.3 MB/s (18353 bytes in 0.003s)
[01:52:30] ?Ð l?u: F:\craw\crawTtv\stories\000189_Chuong_189_Tuan_gia_cau_vien.txt
[01:52:30] S? k» t?: 8625
[01:52:30] Ch?a th?y nºt Ch??ng sau. Th? hi?n thanh ?i?u khi?n...
[01:52:31] L?nh ADB l?i, th? l?i 1/3...
[01:52:34] UI dump: UI hierchary dumped to: /sdcard/window.xml
[01:52:34] ADB pull: /sdcard/window.xml: 1 file pulled, 0 skipped. 5.7 MB/s (18353 bytes in 0.003s)
[01:52:35] Kh¶ng th?y nºt. Vu?t d?c 8 l?n ?? cu?n h?t ch??ng hi?n t?i...
[01:52:42] Ch? ch??ng m?i t?i, l?n 1/5 trong 1 phºt...
[01:52:53] UI dump: UI hierchary dumped to: /sdcard/window.xml
[01:52:53] ADB pull: /sdcard/window.xml: 1 file pulled, 0 skipped. 7.2 MB/s (21149 bytes in 0.003s)
[01:52:53] ?Ð nh?n ???c n?i dung ch??ng m?i.
[01:52:53] 
[01:52:53] ========== L?N ??C 7 ==========
[01:52:53] L?nh ADB l?i, th? l?i 1/3...
[01:52:57] UI dump: UI hierchary dumped to: /sdcard/window.xml
[01:52:57] ADB pull: /sdcard/window.xml: 1 file pulled, 0 skipped. 5.9 MB/s (21149 bytes in 0.003s)
[01:52:57] ?Ð l?u: F:\craw\crawTtv\stories\000190_Chuong_190_Ngu_Quy_Ngu_Linh_Tran.txt
[01:52:57] S? k» t?: 8716
[01:52:57] Ch?a th?y nºt Ch??ng sau. Th? hi?n thanh ?i?u khi?n...
[01:52:58] L?nh ADB l?i, th? l?i 1/3...
[01:53:01] UI dump: UI hierchary dumped to: /sdcard/window.xml
[01:53:01] ADB pull: /sdcard/window.xml: 1 file pulled, 0 skipped. 1.2 MB/s (21149 bytes in 0.017s)
[01:53:01] Kh¶ng th?y nºt. Vu?t d?c 8 l?n ?? cu?n h?t ch??ng hi?n t?i...
[01:53:09] Ch? ch??ng m?i t?i, l?n 1/5 trong 1 phºt...
[01:53:14] UI dump: UI hierchary dumped to: /sdcard/window.xml
[01:53:14] ADB pull: /sdcard/window.xml: 1 file pulled, 0 skipped. 5.4 MB/s (18912 bytes in 0.003s)
[01:53:14] ?Ð nh?n ???c n?i dung ch??ng m?i.
[01:53:14] 
[01:53:14] ========== L?N ??C 8 ==========
[01:53:14] L?nh ADB l?i, th? l?i 1/3...
[01:53:17] UI dump: UI hierchary dumped to: /sdcard/window.xml
[01:53:17] ADB pull: /sdcard/window.xml: 1 file pulled, 0 skipped. 5.8 MB/s (18912 bytes in 0.003s)
[01:53:17] ?Ð l?u: F:\craw\crawTtv\stories\000191_Chuong_191_Huyet_Lang_chien_giap.txt
[01:53:17] S? k» t?: 9141
[01:53:17] Ch?a th?y nºt Ch??ng sau. Th? hi?n thanh ?i?u khi?n...
[01:53:18] L?nh ADB l?i, th? l?i 1/3...
[01:53:22] UI dump: UI hierchary dumped to: /sdcard/window.xml
[01:53:22] ADB pull: /sdcard/window.xml: 1 file pulled, 0 skipped. 5.5 MB/s (18912 bytes in 0.003s)
[01:53:22] Kh¶ng th?y nºt. Vu?t d?c 8 l?n ?? cu?n h?t ch??ng hi?n t?i...
[01:53:29] Ch? ch??ng m?i t?i, l?n 1/5 trong 1 phºt...
[01:53:38] UI dump: UI hierchary dumped to: /sdcard/window.xml
[01:53:38] ADB pull: /sdcard/window.xml: 1 file pulled, 0 skipped. 2.8 MB/s (7524 bytes in 0.003s)
[01:53:38] UI ?ang thay ??i ho?c popup v?a ?µng, ti?p t?c ch?...
[01:53:42] UI dump: UI hierchary dumped to: /sdcard/window.xml
[01:53:42] ADB pull: /sdcard/window.xml: 1 file pulled, 0 skipped. 0.9 MB/s (18405 bytes in 0.020s)
[01:53:42] ?Ð nh?n ???c n?i dung ch??ng m?i.
[01:53:42] 
[01:53:42] ========== L?N ??C 9 ==========
[01:53:42] L?nh ADB l?i, th? l?i 1/3...
[01:53:45] UI dump: UI hierchary dumped to: /sdcard/window.xml
[01:53:45] ADB pull: /sdcard/window.xml: 1 file pulled, 0 skipped. 6.2 MB/s (18405 bytes in 0.003s)
[01:53:45] ?Ð l?u: F:\craw\crawTtv\stories\000193_Chuong_193_Mang_Van_Tien.txt
[01:53:45] S? k» t?: 8852
[01:53:45] Ch?a th?y nºt Ch??ng sau. Th? hi?n thanh ?i?u khi?n...
[01:53:46] L?nh ADB l?i, th? l?i 1/3...
[01:53:50] UI dump: UI hierchary dumped to: /sdcard/window.xml
[01:53:50] ADB pull: /sdcard/window.xml: 1 file pulled, 0 skipped. 6.3 MB/s (18405 bytes in 0.003s)
[01:53:50] Kh¶ng th?y nºt. Vu?t d?c 8 l?n ?? cu?n h?t ch??ng hi?n t?i...
[01:55:50] ==============================================
[01:55:50] B?T ??U CRAWL TRUY?N
[01:55:50] Job: emulator-5554
[01:55:50] Thi?t b?: emulator-5554
[01:55:50] S? ch??ng t?i ?a: 5
[01:55:50] Th? m?c k?t qu?: F:\craw\crawTtv\stories\emulator-5554
[01:55:50] ==============================================
[01:55:50] 
[01:55:50] ========== L?N ??C 1 ==========
[01:55:52] UI dump: UI hierchary dumped to: /sdcard/window.xml
[01:55:53] ADB pull: /sdcard/window.xml: 1 file pulled, 0 skipped. 3.8 MB/s (18405 bytes in 0.005s)
[01:55:53] ?Ð l?u: F:\craw\crawTtv\stories\emulator-5554\000193_Chuong_193_Mang_Van_Tien.txt
[01:55:53] S? k» t?: 8852
[01:55:53] Ch?a th?y nºt Ch??ng sau. Th? hi?n thanh ?i?u khi?n...
[01:55:56] UI dump: UI hierchary dumped to: /sdcard/window.xml
[01:55:56] ADB pull: /sdcard/window.xml: 1 file pulled, 0 skipped. 8.4 MB/s (24716 bytes in 0.003s)
[01:55:56] Kh¶ng th?y nºt. Vu?t d?c 8 l?n ?? cu?n h?t ch??ng hi?n t?i...
[01:56:07] UI dump: UI hierchary dumped to: /sdcard/window.xml
[01:56:07] ADB pull: /sdcard/window.xml: 1 file pulled, 0 skipped. 2.1 MB/s (23383 bytes in 0.011s)
[01:56:07] ?Ð nh?n ???c n?i dung ch??ng m?i.
[01:56:07] 
[01:56:07] ========== L?N ??C 2 ==========
[01:56:09] UI dump: UI hierchary dumped to: /sdcard/window.xml
[01:56:09] ADB pull: /sdcard/window.xml: 1 file pulled, 0 skipped. 4.5 MB/s (23383 bytes in 0.005s)
[01:56:09] ?Ð l?u: F:\craw\crawTtv\stories\emulator-5554\000194_Chuong_194_Pha_vay.txt
[01:56:09] S? k» t?: 7715
[01:56:09] Ch?a th?y nºt Ch??ng sau. Th? hi?n thanh ?i?u khi?n...
[01:56:12] UI dump: UI hierchary dumped to: /sdcard/window.xml
[01:56:12] ADB pull: /sdcard/window.xml: 1 file pulled, 0 skipped. 2.9 MB/s (17072 bytes in 0.006s)
[01:56:12] Kh¶ng th?y nºt. Vu?t d?c 8 l?n ?? cu?n h?t ch??ng hi?n t?i...
[01:56:23] UI dump: UI hierchary dumped to: /sdcard/window.xml
[01:56:23] ADB pull: /sdcard/window.xml: 1 file pulled, 0 skipped. 1.2 MB/s (6469 bytes in 0.005s)
[01:56:23] UI ?ang thay ??i, ti?p t?c ch?...
[01:56:27] UI dump: UI hierchary dumped to: /sdcard/window.xml
[01:56:27] ADB pull: /sdcard/window.xml: 1 file pulled, 0 skipped. 2.1 MB/s (6469 bytes in 0.003s)
[01:56:27] UI ?ang thay ??i, ti?p t?c ch?...
[01:56:30] UI dump: UI hierchary dumped to: /sdcard/window.xml
[01:56:30] ADB pull: /sdcard/window.xml: 1 file pulled, 0 skipped. 0.8 MB/s (6469 bytes in 0.008s)
[01:56:30] UI ?ang thay ??i, ti?p t?c ch?...
[01:56:34] UI dump: UI hierchary dumped to: /sdcard/window.xml
[01:56:34] ADB pull: /sdcard/window.xml: 1 file pulled, 0 skipped. 1.2 MB/s (6469 bytes in 0.005s)
[01:56:34] UI ?ang thay ??i, ti?p t?c ch?...
[01:56:37] UI dump: UI hierchary dumped to: /sdcard/window.xml
[01:56:37] ADB pull: /sdcard/window.xml: 1 file pulled, 0 skipped. 1.1 MB/s (6469 bytes in 0.005s)
[01:56:37] UI ?ang thay ??i, ti?p t?c ch?...
[01:56:41] UI dump: UI hierchary dumped to: /sdcard/window.xml
[01:56:41] ADB pull: /sdcard/window.xml: 1 file pulled, 0 skipped. 2.7 MB/s (6469 bytes in 0.002s)
[01:56:41] UI ?ang thay ??i, ti?p t?c ch?...
[01:56:41] N?i dung kh¶ng thay ??i sau khi chuy?n ch??ng.
[01:56:41] Cµ th? app ?ang ? ch??ng cu?i ho?c t?a ??/thao tÃc chuy?n ch??ng ch?a ?ºng.
[01:56:41] 
[01:56:41] ==============================================
[01:56:41] HOâN THâNH
[01:56:41] ?Ð l?u 2 ch??ng.
[01:56:41] File ghÕp: F:\craw\crawTtv\stories\emulator-5554\all_chapters.txt
[01:56:41] ==============================================
[01:58:28] ==============================================
[01:58:28] B?T ??U CRAWL TRUY?N
[01:58:28] Job: emulator-5554
[01:58:28] Thi?t b?: emulator-5554
[01:58:28] S? ch??ng t?i ?a: 5
[01:58:28] Th? m?c k?t qu?: F:\craw\crawTtv\stories\emulator-5554
[01:58:28] ==============================================
[01:58:28] 
[01:58:28] ========== L?N ??C 1 ==========
[01:58:30] UI dump: UI hierchary dumped to: /sdcard/window.xml
[01:58:30] ADB pull: /sdcard/window.xml: 1 file pulled, 0 skipped. 4.3 MB/s (18451 bytes in 0.004s)
[01:58:30] ?Ð l?u: F:\craw\crawTtv\stories\emulator-5554\000195_Chuong_195_Phu_tuy_tu_tu.txt
[01:58:30] S? k» t?: 8827
[01:58:30] Ch?a th?y nºt Ch??ng sau. Th? hi?n thanh ?i?u khi?n...
[01:58:34] UI dump: UI hierchary dumped to: /sdcard/window.xml
[01:58:34] ADB pull: /sdcard/window.xml: 1 file pulled, 0 skipped. 6.5 MB/s (24762 bytes in 0.004s)
[01:58:34] Kh¶ng th?y nºt. Vu?t d?c 8 l?n ?? cu?n h?t ch??ng hi?n t?i...
[01:58:44] UI dump: UI hierchary dumped to: /sdcard/window.xml
[01:58:45] ADB pull: /sdcard/window.xml: 1 file pulled, 0 skipped. 1.2 MB/s (7912 bytes in 0.006s)
[01:58:45] UI ?ang thay ??i, ti?p t?c ch?...
[01:58:48] UI dump: UI hierchary dumped to: /sdcard/window.xml
[01:58:48] ADB pull: /sdcard/window.xml: 1 file pulled, 0 skipped. 1.6 MB/s (7912 bytes in 0.005s)
[01:58:48] UI ?ang thay ??i, ti?p t?c ch?...
[01:58:51] UI dump: UI hierchary dumped to: /sdcard/window.xml
[01:58:51] ADB pull: /sdcard/window.xml: 1 file pulled, 0 skipped. 5.7 MB/s (18715 bytes in 0.003s)
[01:58:51] ?Ð nh?n ???c n?i dung ch??ng m?i.
[01:58:51] 
[01:58:51] ========== L?N ??C 2 ==========
[01:58:53] UI dump: UI hierchary dumped to: /sdcard/window.xml
[01:58:53] ADB pull: /sdcard/window.xml: 1 file pulled, 0 skipped. 4.2 MB/s (18715 bytes in 0.004s)
[01:58:53] ?Ð l?u: F:\craw\crawTtv\stories\emulator-5554\000196_Chuong_196_Me_hon_huyen_thanh.txt
[01:58:53] S? k» t?: 8812
[01:58:53] Ch?a th?y nºt Ch??ng sau. Th? hi?n thanh ?i?u khi?n...
[01:58:57] UI dump: UI hierchary dumped to: /sdcard/window.xml
[01:58:57] ADB pull: /sdcard/window.xml: 1 file pulled, 0 skipped. 8.1 MB/s (25026 bytes in 0.003s)
[01:58:57] Kh¶ng th?y nºt. Vu?t d?c 8 l?n ?? cu?n h?t ch??ng hi?n t?i...
[01:59:09] UI dump: UI hierchary dumped to: /sdcard/window.xml
[01:59:09] ADB pull: /sdcard/window.xml: 1 file pulled, 0 skipped. 5.3 MB/s (24978 bytes in 0.004s)
[01:59:09] ?Ð nh?n ???c n?i dung ch??ng m?i.
[01:59:09] 
[01:59:09] ========== L?N ??C 3 ==========
[01:59:11] UI dump: UI hierchary dumped to: /sdcard/window.xml
[01:59:11] ADB pull: /sdcard/window.xml: 1 file pulled, 0 skipped. 3.2 MB/s (24978 bytes in 0.008s)
[01:59:11] ?Ð l?u: F:\craw\crawTtv\stories\emulator-5554\000197_Chuong_197_That_oc_Nhiep_Hon_Khi.txt
[01:59:11] S? k» t?: 8894
[01:59:11] Ch?a th?y nºt Ch??ng sau. Th? hi?n thanh ?i?u khi?n...
[01:59:15] UI dump: UI hierchary dumped to: /sdcard/window.xml
[01:59:15] ADB pull: /sdcard/window.xml: 1 file pulled, 0 skipped. 7.8 MB/s (18667 bytes in 0.002s)
[01:59:15] Kh¶ng th?y nºt. Vu?t d?c 8 l?n ?? cu?n h?t ch??ng hi?n t?i...
[01:59:26] UI dump: UI hierchary dumped to: /sdcard/window.xml
[01:59:26] ADB pull: /sdcard/window.xml: 1 file pulled, 0 skipped. 5.9 MB/s (25068 bytes in 0.004s)
[01:59:26] ?Ð nh?n ???c n?i dung ch??ng m?i.
[01:59:26] 
[01:59:26] ========== L?N ??C 4 ==========
[01:59:28] UI dump: UI hierchary dumped to: /sdcard/window.xml
[01:59:28] ADB pull: /sdcard/window.xml: 1 file pulled, 0 skipped. 6.8 MB/s (25068 bytes in 0.004s)
[01:59:28] ?Ð l?u: F:\craw\crawTtv\stories\emulator-5554\000198_Chuong_198_Kinh_Nguyen_an.txt
[01:59:28] S? k» t?: 8934
[01:59:28] Ch?a th?y nºt Ch??ng sau. Th? hi?n thanh ?i?u khi?n...
[01:59:31] UI dump: UI hierchary dumped to: /sdcard/window.xml
[01:59:31] ADB pull: /sdcard/window.xml: 1 file pulled, 0 skipped. 1.5 MB/s (18757 bytes in 0.012s)
[01:59:31] Kh¶ng th?y nºt. Vu?t d?c 8 l?n ?? cu?n h?t ch??ng hi?n t?i...
[01:59:42] UI dump: UI hierchary dumped to: /sdcard/window.xml
[01:59:42] ADB pull: /sdcard/window.xml: 1 file pulled, 0 skipped. 1.6 MB/s (7500 bytes in 0.005s)
[01:59:42] UI ?ang thay ??i, ti?p t?c ch?...
[01:59:46] UI dump: UI hierchary dumped to: /sdcard/window.xml
[01:59:46] ADB pull: /sdcard/window.xml: 1 file pulled, 0 skipped. 2.2 MB/s (7500 bytes in 0.003s)
[01:59:46] UI ?ang thay ??i, ti?p t?c ch?...
[01:59:49] UI dump: UI hierchary dumped to: /sdcard/window.xml
[01:59:49] ADB pull: /sdcard/window.xml: 1 file pulled, 0 skipped. 0.6 MB/s (7500 bytes in 0.013s)
[01:59:49] UI ?ang thay ??i, ti?p t?c ch?...
[01:59:52] UI dump: UI hierchary dumped to: /sdcard/window.xml
[01:59:53] ADB pull: /sdcard/window.xml: 1 file pulled, 0 skipped. 1.9 MB/s (7500 bytes in 0.004s)
[01:59:53] UI ?ang thay ??i, ti?p t?c ch?...
[01:59:56] UI dump: UI hierchary dumped to: /sdcard/window.xml
[01:59:56] ADB pull: /sdcard/window.xml: 1 file pulled, 0 skipped. 3.7 MB/s (7500 bytes in 0.002s)
[01:59:56] UI ?ang thay ??i, ti?p t?c ch?...
[01:59:59] UI dump: UI hierchary dumped to: /sdcard/window.xml
[01:59:59] ADB pull: /sdcard/window.xml: 1 file pulled, 0 skipped. 1.7 MB/s (7500 bytes in 0.004s)
[01:59:59] UI ?ang thay ??i, ti?p t?c ch?...
[01:59:59] N?i dung kh¶ng thay ??i sau khi chuy?n ch??ng.
[01:59:59] Cµ th? app ?ang ? ch??ng cu?i ho?c t?a ??/thao tÃc chuy?n ch??ng ch?a ?ºng.
[01:59:59] 
[01:59:59] ==============================================
[01:59:59] HOâN THâNH
[01:59:59] ?Ð l?u 4 ch??ng.
[01:59:59] File ghÕp: F:\craw\crawTtv\stories\emulator-5554\all_chapters.txt
[01:59:59] ==============================================
[02:11:36] ==============================================
[02:11:36] B?T ??U CRAWL TRUY?N
[02:11:36] Job: emulator-5554
[02:11:36] Thi?t b?: emulator-5554
[02:11:36] S? ch??ng t?i ?a: 5
[02:11:36] Th? m?c k?t qu?: F:\craw\crawTtv\stories\emulator-5554
[02:11:36] ==============================================
[02:11:36] 
[02:11:36] ========== L?N ??C 1 ==========
[02:11:40] UI dump: UI hierchary dumped to: /sdcard/window.xml
[02:11:40] ADB pull: /sdcard/window.xml: 1 file pulled, 0 skipped. 1.1 MB/s (18883 bytes in 0.016s)
[02:11:41] ?Ð l?u: F:\craw\crawTtv\stories\emulator-5554\000199_Chuong_199_Chieu_Thien_Diem_Quan.txt
[02:11:41] S? k» t?: 8745
[02:11:41] Ch?a th?y nºt Ch??ng sau. Th? hi?n thanh ?i?u khi?n...
[02:11:46] UI dump: UI hierchary dumped to: /sdcard/window.xml
[02:11:46] ADB pull: /sdcard/window.xml: 1 file pulled, 0 skipped. 4.2 MB/s (25624 bytes in 0.006s)
[02:11:46] Kh¶ng th?y nºt. Vu?t d?c 8 l?n ?? cu?n h?t ch??ng hi?n t?i...
[02:11:59] UI dump: UI hierchary dumped to: /sdcard/window.xml
[02:11:59] ADB pull: /sdcard/window.xml: 1 file pulled, 0 skipped. 6.8 MB/s (25624 bytes in 0.004s)
[02:11:59] ?ang ch? ch??ng m?i t?i...
[02:12:07] UI dump: UI hierchary dumped to: /sdcard/window.xml
[02:12:07] ADB pull: /sdcard/window.xml: 1 file pulled, 0 skipped. 2.8 MB/s (18883 bytes in 0.006s)
[02:12:07] ?ang ch? ch??ng m?i t?i...
[02:12:14] UI dump: UI hierchary dumped to: /sdcard/window.xml
[02:12:14] ADB pull: /sdcard/window.xml: 1 file pulled, 0 skipped. 8.5 MB/s (25624 bytes in 0.003s)
[02:12:14] ?ang ch? ch??ng m?i t?i...
[02:12:15] N?i dung kh¶ng thay ??i sau khi chuy?n ch??ng.
[02:12:15] Cµ th? app ?ang ? ch??ng cu?i ho?c t?a ??/thao tÃc chuy?n ch??ng ch?a ?ºng.
[02:12:15] 
[02:12:15] ==============================================
[02:12:15] HOâN THâNH
[02:12:15] ?Ð l?u 1 ch??ng.
[02:12:15] File ghÕp: F:\craw\crawTtv\stories\emulator-5554\all_chapters.txt
[02:12:15] ==============================================
[02:16:04] ==============================================
[02:16:04] B?T ??U CRAWL TRUY?N
[02:16:04] Job: emulator-5554
[02:16:04] Thi?t b?: emulator-5554
[02:16:04] S? ch??ng t?i ?a: 5
[02:16:04] Th? m?c k?t qu?: F:\craw\crawTtv\stories\emulator-5554
[02:16:04] ==============================================
[02:16:04] 
[02:16:04] ========== L?N ??C 1 ==========
[02:16:11] UI dump: UI hierchary dumped to: /sdcard/window.xml
[02:16:11] ADB pull: /sdcard/window.xml: 1 file pulled, 0 skipped. 3.2 MB/s (18883 bytes in 0.006s)
[02:16:11] ?Ð l?u: F:\craw\crawTtv\stories\emulator-5554\000199_run_0001_Chuong_199_Chieu_Thien_Diem_Quan.txt
[02:16:11] S? k» t?: 8745
[02:16:11] Ch?a th?y nºt Ch??ng sau. Th? hi?n thanh ?i?u khi?n...
[02:16:17] UI dump: UI hierchary dumped to: /sdcard/window.xml
[02:16:17] ADB pull: /sdcard/window.xml: 1 file pulled, 0 skipped. 5.0 MB/s (18883 bytes in 0.004s)
[02:16:17] Kh¶ng th?y nºt. Vu?t d?c 8 l?n ?? cu?n h?t ch??ng hi?n t?i...
[02:16:34] UI dump: UI hierchary dumped to: /sdcard/window.xml
[02:16:35] ADB pull: /sdcard/window.xml: 1 file pulled, 0 skipped. 1.2 MB/s (24626 bytes in 0.020s)
[02:16:35] ?Ð nh?n ???c n?i dung ch??ng m?i.
[02:16:35] 
[02:16:35] ========== L?N ??C 2 ==========
[02:16:41] UI dump: UI hierchary dumped to: /sdcard/window.xml
[02:16:41] ADB pull: /sdcard/window.xml: 1 file pulled, 0 skipped. 4.7 MB/s (17885 bytes in 0.004s)
[02:16:41] ?Ð l?u: F:\craw\crawTtv\stories\emulator-5554\000200_Chuong_200_Tuan_gia_huy_diet.txt
[02:16:41] S? k» t?: 7910
[02:16:41] Ch?a th?y nºt Ch??ng sau. Th? hi?n thanh ?i?u khi?n...
[02:16:47] UI dump: UI hierchary dumped to: /sdcard/window.xml
[02:16:47] ADB pull: /sdcard/window.xml: 1 file pulled, 0 skipped. 3.2 MB/s (17885 bytes in 0.005s)
[02:16:47] Kh¶ng th?y nºt. Vu?t d?c 8 l?n ?? cu?n h?t ch??ng hi?n t?i...
[02:17:02] UI dump: UI hierchary dumped to: /sdcard/window.xml
[02:17:02] ADB pull: /sdcard/window.xml: 1 file pulled, 0 skipped. 1.6 MB/s (17885 bytes in 0.011s)
[02:17:02] ?ang ch? ch??ng m?i t?i...
[02:17:08] UI dump: UI hierchary dumped to: /sdcard/window.xml
[02:17:08] ADB pull: /sdcard/window.xml: 1 file pulled, 0 skipped. 2.9 MB/s (17885 bytes in 0.006s)
[02:17:08] ?ang ch? ch??ng m?i t?i...
[02:17:15] UI dump: UI hierchary dumped to: /sdcard/window.xml
[02:17:15] ADB pull: /sdcard/window.xml: 1 file pulled, 0 skipped. 2.6 MB/s (17885 bytes in 0.007s)
[02:17:15] ?ang ch? ch??ng m?i t?i...
[02:17:21] UI dump: UI hierchary dumped to: /sdcard/window.xml
[02:17:22] ADB pull: /sdcard/window.xml: 1 file pulled, 0 skipped. 3.3 MB/s (17885 bytes in 0.005s)
[02:17:22] ?ang ch? ch??ng m?i t?i...
[02:17:22] N?i dung kh¶ng thay ??i sau khi chuy?n ch??ng.
[02:17:22] Cµ th? app ?ang ? ch??ng cu?i ho?c t?a ??/thao tÃc chuy?n ch??ng ch?a ?ºng.
[02:17:22] 
[02:17:22] ==============================================
[02:17:22] HOâN THâNH
[02:17:22] ?Ð l?u 2 ch??ng.
[02:17:22] File ghÕp: F:\craw\crawTtv\stories\emulator-5554\all_chapters.txt
[02:17:22] ==============================================
[02:30:50] ==============================================
[02:30:50] B?T ??U CRAWL TRUY?N
[02:30:50] Job: emulator-5554
[02:30:50] Thi?t b?: emulator-5554
[02:30:50] S? ch??ng t?i ?a: 5
[02:30:50] Th? m?c k?t qu?: F:\craw\crawTtv\stories\emulator-5554
[02:30:50] ==============================================
[02:30:50] 
[02:30:50] ========== L?N ??C 1 ==========
[02:30:53] UI dump: UI hierchary dumped to: /sdcard/window.xml
[02:30:53] ADB pull: /sdcard/window.xml: 1 file pulled, 0 skipped. 5.2 MB/s (17473 bytes in 0.003s)
[02:30:53] ?Ð l?u: F:\craw\crawTtv\stories\emulator-5554\000200_run_0001_Chuong_200_Tuan_gia_huy_diet.txt
[02:30:53] S? k» t?: 7910
[02:30:53] B?t ??u vu?t cho t?i khi sang ch??ng m?i...
[02:30:59] ?Ð vu?t 5 l?n, ki?m tra ch??ng...
[02:31:01] UI dump: UI hierchary dumped to: /sdcard/window.xml
[02:31:01] ADB pull: /sdcard/window.xml: 1 file pulled, 0 skipped. 7.3 MB/s (17473 bytes in 0.002s)
[02:31:06] ?Ð vu?t 10 l?n, ki?m tra ch??ng...
[02:31:09] UI dump: UI hierchary dumped to: /sdcard/window.xml
[02:31:09] ADB pull: /sdcard/window.xml: 1 file pulled, 0 skipped. 3.0 MB/s (17473 bytes in 0.006s)
[02:31:14] ?Ð vu?t 15 l?n, ki?m tra ch??ng...
[02:31:16] UI dump: UI hierchary dumped to: /sdcard/window.xml
[02:31:16] ADB pull: /sdcard/window.xml: 1 file pulled, 0 skipped. 1.5 MB/s (19054 bytes in 0.012s)
[02:31:22] ?Ð vu?t 20 l?n, ki?m tra ch??ng...
[02:31:24] UI dump: UI hierchary dumped to: /sdcard/window.xml
[02:31:24] ADB pull: /sdcard/window.xml: 1 file pulled, 0 skipped. 4.6 MB/s (18702 bytes in 0.004s)
[02:31:24] ?Ð sang ch??ng m?i sau 20 l?n vu?t.
[02:31:24] 
[02:31:24] ========== L?N ??C 2 ==========
[02:31:27] UI dump: UI hierchary dumped to: /sdcard/window.xml
[02:31:27] ADB pull: /sdcard/window.xml: 1 file pulled, 0 skipped. 0.3 MB/s (18702 bytes in 0.053s)
[02:31:27] ?Ð l?u: F:\craw\crawTtv\stories\emulator-5554\000201_Chuong_201_Hoang_Ngoc_quang_truong.txt
[02:31:27] S? k» t?: 8801
[02:31:27] B?t ??u vu?t cho t?i khi sang ch??ng m?i...
[02:31:32] ?Ð vu?t 5 l?n, ki?m tra ch??ng...
[02:31:35] UI dump: UI hierchary dumped to: /sdcard/window.xml
[02:31:35] ADB pull: /sdcard/window.xml: 1 file pulled, 0 skipped. 9.3 MB/s (25443 bytes in 0.003s)
[02:31:40] ?Ð vu?t 10 l?n, ki?m tra ch??ng...
[02:31:42] UI dump: UI hierchary dumped to: /sdcard/window.xml
[02:31:42] ADB pull: /sdcard/window.xml: 1 file pulled, 0 skipped. 6.1 MB/s (18702 bytes in 0.003s)
[02:31:48] ?Ð vu?t 15 l?n, ki?m tra ch??ng...
[02:31:50] UI dump: UI hierchary dumped to: /sdcard/window.xml
[02:31:50] ADB pull: /sdcard/window.xml: 1 file pulled, 0 skipped. 6.5 MB/s (21529 bytes in 0.003s)
[02:31:55] ?Ð vu?t 20 l?n, ki?m tra ch??ng...
[02:31:58] UI dump: UI hierchary dumped to: /sdcard/window.xml
[02:31:58] ADB pull: /sdcard/window.xml: 1 file pulled, 0 skipped. 6.7 MB/s (24452 bytes in 0.003s)
[02:31:58] ?Ð sang ch??ng m?i sau 20 l?n vu?t.
[02:31:58] 
[02:31:58] ========== L?N ??C 3 ==========
[02:32:00] UI dump: UI hierchary dumped to: /sdcard/window.xml
[02:32:00] ADB pull: /sdcard/window.xml: 1 file pulled, 0 skipped. 4.7 MB/s (24452 bytes in 0.005s)
[02:32:00] ?Ð l?u: F:\craw\crawTtv\stories\emulator-5554\000202_Chuong_202_Hoa_Van_Phuong.txt
[02:32:00] S? k» t?: 8279
[02:32:00] B?t ??u vu?t cho t?i khi sang ch??ng m?i...
[02:32:05] ?Ð vu?t 5 l?n, ki?m tra ch??ng...
[02:32:07] UI dump: UI hierchary dumped to: /sdcard/window.xml
[02:32:08] ADB pull: /sdcard/window.xml: 1 file pulled, 0 skipped. 6.1 MB/s (17711 bytes in 0.003s)
[02:32:13] ?Ð vu?t 10 l?n, ki?m tra ch??ng...
[02:32:15] UI dump: UI hierchary dumped to: /sdcard/window.xml
[02:32:15] ADB pull: /sdcard/window.xml: 1 file pulled, 0 skipped. 6.5 MB/s (17711 bytes in 0.003s)
[02:32:20] ?Ð vu?t 15 l?n, ki?m tra ch??ng...
[02:32:23] UI dump: UI hierchary dumped to: /sdcard/window.xml
[02:32:23] ADB pull: /sdcard/window.xml: 1 file pulled, 0 skipped. 3.4 MB/s (7614 bytes in 0.002s)
[02:32:23] Ch?a ki?m tra ???c UI, ti?p t?c vu?t...
[02:32:28] ?Ð vu?t 20 l?n, ki?m tra ch??ng...
[02:32:30] UI dump: UI hierchary dumped to: /sdcard/window.xml
[02:32:30] ADB pull: /sdcard/window.xml: 1 file pulled, 0 skipped. 6.7 MB/s (18434 bytes in 0.003s)
[02:32:30] ?Ð sang ch??ng m?i sau 20 l?n vu?t.
[02:32:30] 
[02:32:30] ========== L?N ??C 4 ==========
[02:32:32] UI dump: UI hierchary dumped to: /sdcard/window.xml
[02:32:33] ADB pull: /sdcard/window.xml: 1 file pulled, 0 skipped. 2.2 MB/s (18434 bytes in 0.008s)
[02:32:33] ?Ð l?u: F:\craw\crawTtv\stories\emulator-5554\000203_Chuong_203_Xuan_Ngoc_Tuong.txt
[02:32:33] S? k» t?: 8728
[02:32:33] B?t ??u vu?t cho t?i khi sang ch??ng m?i...
[02:32:38] ?Ð vu?t 5 l?n, ki?m tra ch??ng...
[02:32:41] UI dump: UI hierchary dumped to: /sdcard/window.xml
[02:32:41] ADB pull: /sdcard/window.xml: 1 file pulled, 0 skipped. 4.1 MB/s (18434 bytes in 0.004s)
[02:32:46] ?Ð vu?t 10 l?n, ki?m tra ch??ng...
[02:32:49] UI dump: UI hierchary dumped to: /sdcard/window.xml
[02:32:49] ADB pull: /sdcard/window.xml: 1 file pulled, 0 skipped. 7.6 MB/s (18434 bytes in 0.002s)
[02:32:54] ?Ð vu?t 15 l?n, ki?m tra ch??ng...
[02:32:57] UI dump: UI hierchary dumped to: /sdcard/window.xml
[02:32:57] ADB pull: /sdcard/window.xml: 1 file pulled, 0 skipped. 5.0 MB/s (18940 bytes in 0.004s)
[02:32:57] ?Ð sang ch??ng m?i sau 15 l?n vu?t.
[02:32:57] 
[02:32:57] ========== L?N ??C 5 ==========
[02:32:59] UI dump: UI hierchary dumped to: /sdcard/window.xml
[02:32:59] ADB pull: /sdcard/window.xml: 1 file pulled, 0 skipped. 3.6 MB/s (18940 bytes in 0.005s)
[02:32:59] ?Ð l?u: F:\craw\crawTtv\stories\emulator-5554\000204_Chuong_204_Han_Duong_ao_quan.txt
[02:32:59] S? k» t?: 9082
[02:32:59] ?Ð ??t gi?i h?n 5 ch??ng.
[02:32:59] 
[02:32:59] ==============================================
[02:32:59] HOâN THâNH
[02:32:59] ?Ð l?u 5 ch??ng.
[02:32:59] File ghÕp: F:\craw\crawTtv\stories\emulator-5554\all_chapters.txt
[02:32:59] ==============================================
[02:38:18] ==============================================
[02:38:18] B?T ??U CRAWL TRUY?N
[02:38:18] Job: emulator-5554
[02:38:18] Thi?t b?: emulator-5554
[02:38:18] S? ch??ng t?i ?a: 50
[02:38:18] Th? m?c k?t qu?: F:\craw\crawTtv\stories\emulator-5554
[02:38:18] ==============================================
[02:38:18] 
[02:38:18] ========== L?N ??C 1 ==========
[02:38:21] UI dump: UI hierchary dumped to: /sdcard/window.xml
[02:38:21] ADB pull: /sdcard/window.xml: 1 file pulled, 0 skipped. 5.4 MB/s (18940 bytes in 0.003s)
[02:38:21] ?Ð l?u: F:\craw\crawTtv\stories\emulator-5554\000204_run_0001_Chuong_204_Han_Duong_ao_quan.txt
[02:38:21] S? k» t?: 9082
[02:38:21] B?t ??u vu?t cho t?i khi sang ch??ng m?i...
[02:38:26] ?Ð vu?t 5 l?n, ki?m tra ch??ng...
[02:38:28] UI dump: UI hierchary dumped to: /sdcard/window.xml
[02:38:28] ADB pull: /sdcard/window.xml: 1 file pulled, 0 skipped. 6.7 MB/s (18940 bytes in 0.003s)
[02:38:34] ?Ð vu?t 10 l?n, ki?m tra ch??ng...
[02:38:36] UI dump: UI hierchary dumped to: /sdcard/window.xml
[02:38:36] ADB pull: /sdcard/window.xml: 1 file pulled, 0 skipped. 2.2 MB/s (18940 bytes in 0.008s)
[02:38:41] ?Ð vu?t 15 l?n, ki?m tra ch??ng...
[02:38:43] UI dump: UI hierchary dumped to: /sdcard/window.xml
[02:38:43] ADB pull: /sdcard/window.xml: 1 file pulled, 0 skipped. 10.3 MB/s (18940 bytes in 0.002s)
[02:38:49] ?Ð vu?t 20 l?n, ki?m tra ch??ng...
[02:38:51] UI dump: UI hierchary dumped to: /sdcard/window.xml
[02:38:51] ADB pull: /sdcard/window.xml: 1 file pulled, 0 skipped. 6.1 MB/s (17547 bytes in 0.003s)
[02:38:51] ?Ð sang ch??ng m?i sau 20 l?n vu?t.
[02:38:51] 
[02:38:51] ========== L?N ??C 2 ==========
[02:38:54] UI dump: UI hierchary dumped to: /sdcard/window.xml
[02:38:54] ADB pull: /sdcard/window.xml: 1 file pulled, 0 skipped. 7.3 MB/s (17547 bytes in 0.002s)
[02:38:54] ?Ð l?u: F:\craw\crawTtv\stories\emulator-5554\000205_Chuong_205_Long_Dien_Hong_Bao.txt
[02:38:54] S? k» t?: 8039
[02:38:54] B?t ??u vu?t cho t?i khi sang ch??ng m?i...
[02:38:59] ?Ð vu?t 5 l?n, ki?m tra ch??ng...
[02:39:01] UI dump: UI hierchary dumped to: /sdcard/window.xml
[02:39:01] ADB pull: /sdcard/window.xml: 1 file pulled, 0 skipped. 6.1 MB/s (17547 bytes in 0.003s)
[02:39:06] ?Ð vu?t 10 l?n, ki?m tra ch??ng...
[02:39:08] UI dump: UI hierchary dumped to: /sdcard/window.xml
[02:39:08] ADB pull: /sdcard/window.xml: 1 file pulled, 0 skipped. 7.7 MB/s (17547 bytes in 0.002s)
[02:39:14] ?Ð vu?t 15 l?n, ki?m tra ch??ng...
[02:39:16] UI dump: UI hierchary dumped to: /sdcard/window.xml
[02:39:16] ADB pull: /sdcard/window.xml: 1 file pulled, 0 skipped. 3.9 MB/s (20362 bytes in 0.005s)
[02:39:21] ?Ð vu?t 20 l?n, ki?m tra ch??ng...
[02:39:23] UI dump: UI hierchary dumped to: /sdcard/window.xml
[02:39:23] ADB pull: /sdcard/window.xml: 1 file pulled, 0 skipped. 7.1 MB/s (18273 bytes in 0.002s)
[02:39:23] ?Ð sang ch??ng m?i sau 20 l?n vu?t.
[02:39:23] 
[02:39:23] ========== L?N ??C 3 ==========
[02:39:25] UI dump: UI hierchary dumped to: /sdcard/window.xml
[02:39:25] ADB pull: /sdcard/window.xml: 1 file pulled, 0 skipped. 8.5 MB/s (18273 bytes in 0.002s)
[02:39:25] ?Ð l?u: F:\craw\crawTtv\stories\emulator-5554\000206_Chuong_206_Ngu_thien_cung.txt
[02:39:25] S? k» t?: 8586
[02:39:25] B?t ??u vu?t cho t?i khi sang ch??ng m?i...
[02:39:31] ?Ð vu?t 5 l?n, ki?m tra ch??ng...
[02:39:33] UI dump: UI hierchary dumped to: /sdcard/window.xml
[02:39:33] ADB pull: /sdcard/window.xml: 1 file pulled, 0 skipped. 9.2 MB/s (18273 bytes in 0.002s)
[02:39:38] ?Ð vu?t 10 l?n, ki?m tra ch??ng...
[02:39:40] UI dump: UI hierchary dumped to: /sdcard/window.xml
[02:39:40] ADB pull: /sdcard/window.xml: 1 file pulled, 0 skipped. 6.9 MB/s (18273 bytes in 0.003s)
[02:39:45] ?Ð vu?t 15 l?n, ki?m tra ch??ng...
[02:39:47] UI dump: UI hierchary dumped to: /sdcard/window.xml
[02:39:47] ADB pull: /sdcard/window.xml: 1 file pulled, 0 skipped. 2.7 MB/s (7614 bytes in 0.003s)
[02:39:47] Ch?a ki?m tra ???c UI, ti?p t?c vu?t...
[02:39:53] ?Ð vu?t 20 l?n, ki?m tra ch??ng...
[02:39:55] UI dump: UI hierchary dumped to: /sdcard/window.xml
[02:39:56] ADB pull: /sdcard/window.xml: 1 file pulled, 0 skipped. 1.4 MB/s (18355 bytes in 0.013s)
[02:39:56] ?Ð sang ch??ng m?i sau 20 l?n vu?t.
[02:39:56] 
[02:39:56] ========== L?N ??C 4 ==========
[02:39:58] UI dump: UI hierchary dumped to: /sdcard/window.xml
[02:39:58] ADB pull: /sdcard/window.xml: 1 file pulled, 0 skipped. 7.2 MB/s (18355 bytes in 0.002s)
[02:39:58] ?Ð l?u: F:\craw\crawTtv\stories\emulator-5554\000207_Chuong_207_Viet_vuong_chi_thuong.txt
[02:39:58] S? k» t?: 8608
[02:39:58] B?t ??u vu?t cho t?i khi sang ch??ng m?i...
[02:40:03] ?Ð vu?t 5 l?n, ki?m tra ch??ng...
[02:40:05] UI dump: UI hierchary dumped to: /sdcard/window.xml
[02:40:05] ADB pull: /sdcard/window.xml: 1 file pulled, 0 skipped. 8.3 MB/s (25096 bytes in 0.003s)
[02:40:10] ?Ð vu?t 10 l?n, ki?m tra ch??ng...
[02:40:13] UI dump: UI hierchary dumped to: /sdcard/window.xml
[02:40:13] ADB pull: /sdcard/window.xml: 1 file pulled, 0 skipped. 7.8 MB/s (18722 bytes in 0.002s)
[02:40:18] ?Ð vu?t 15 l?n, ki?m tra ch??ng...
[02:40:20] UI dump: UI hierchary dumped to: /sdcard/window.xml
[02:40:20] ADB pull: /sdcard/window.xml: 1 file pulled, 0 skipped. 5.4 MB/s (17549 bytes in 0.003s)
[02:40:20] ?Ð sang ch??ng m?i sau 15 l?n vu?t.
[02:40:20] 
[02:40:20] ========== L?N ??C 5 ==========
[02:40:22] UI dump: UI hierchary dumped to: /sdcard/window.xml
[02:40:22] ADB pull: /sdcard/window.xml: 1 file pulled, 0 skipped. 9.0 MB/s (17549 bytes in 0.002s)
[02:40:22] ?Ð l?u: F:\craw\crawTtv\stories\emulator-5554\000208_Chuong_208_Luong_inh_on_chuyen.txt
[02:40:22] S? k» t?: 8064
[02:40:22] B?t ??u vu?t cho t?i khi sang ch??ng m?i...
[02:40:27] ?Ð vu?t 5 l?n, ki?m tra ch??ng...
[02:40:30] UI dump: UI hierchary dumped to: /sdcard/window.xml
[02:40:30] ADB pull: /sdcard/window.xml: 1 file pulled, 0 skipped. 4.5 MB/s (17549 bytes in 0.004s)
[02:40:35] ?Ð vu?t 10 l?n, ki?m tra ch??ng...
[02:40:37] UI dump: UI hierchary dumped to: /sdcard/window.xml
[02:40:37] ADB pull: /sdcard/window.xml: 1 file pulled, 0 skipped. 6.4 MB/s (17549 bytes in 0.003s)
[02:40:42] ?Ð vu?t 15 l?n, ki?m tra ch??ng...
[02:40:44] UI dump: UI hierchary dumped to: /sdcard/window.xml
[02:40:45] ADB pull: /sdcard/window.xml: 1 file pulled, 0 skipped. 2.5 MB/s (7614 bytes in 0.003s)
[02:40:45] Ch?a ki?m tra ???c UI, ti?p t?c vu?t...
[02:40:50] ?Ð vu?t 20 l?n, ki?m tra ch??ng...
[02:40:52] UI dump: UI hierchary dumped to: /sdcard/window.xml
[02:40:52] ADB pull: /sdcard/window.xml: 1 file pulled, 0 skipped. 9.2 MB/s (18503 bytes in 0.002s)
[02:40:52] ?Ð sang ch??ng m?i sau 20 l?n vu?t.
[02:40:52] 
[02:40:52] ========== L?N ??C 6 ==========
[02:40:54] UI dump: UI hierchary dumped to: /sdcard/window.xml
[02:40:54] ADB pull: /sdcard/window.xml: 1 file pulled, 0 skipped. 6.4 MB/s (18503 bytes in 0.003s)
[02:40:55] ?Ð l?u: F:\craw\crawTtv\stories\emulator-5554\000209_Chuong_209_An_nhan_tai_tam.txt
[02:40:55] S? k» t?: 8647
[02:40:55] B?t ??u vu?t cho t?i khi sang ch??ng m?i...
[02:41:00] ?Ð vu?t 5 l?n, ki?m tra ch??ng...
[02:41:02] UI dump: UI hierchary dumped to: /sdcard/window.xml
[02:41:02] ADB pull: /sdcard/window.xml: 1 file pulled, 0 skipped. 6.6 MB/s (18503 bytes in 0.003s)
[02:41:07] ?Ð vu?t 10 l?n, ki?m tra ch??ng...
[02:41:09] UI dump: UI hierchary dumped to: /sdcard/window.xml
[02:41:09] ADB pull: /sdcard/window.xml: 1 file pulled, 0 skipped. 8.6 MB/s (18503 bytes in 0.002s)
[02:41:15] ?Ð vu?t 15 l?n, ki?m tra ch??ng...
[02:41:17] UI dump: UI hierchary dumped to: /sdcard/window.xml
[02:41:17] ADB pull: /sdcard/window.xml: 1 file pulled, 0 skipped. 8.1 MB/s (17446 bytes in 0.002s)
[02:41:17] ?Ð sang ch??ng m?i sau 15 l?n vu?t.
[02:41:17] 
[02:41:17] ========== L?N ??C 7 ==========
[02:41:19] UI dump: UI hierchary dumped to: /sdcard/window.xml
[02:41:19] ADB pull: /sdcard/window.xml: 1 file pulled, 0 skipped. 5.8 MB/s (17446 bytes in 0.003s)
[02:41:19] ?Ð l?u: F:\craw\crawTtv\stories\emulator-5554\000210_Chuong_210_Van_trach.txt
[02:41:19] S? k» t?: 7945
[02:41:19] B?t ??u vu?t cho t?i khi sang ch??ng m?i...
[02:41:24] ?Ð vu?t 5 l?n, ki?m tra ch??ng...
[02:41:26] UI dump: UI hierchary dumped to: /sdcard/window.xml
[02:41:27] ADB pull: /sdcard/window.xml: 1 file pulled, 0 skipped. 6.2 MB/s (17446 bytes in 0.003s)
[02:41:32] ?Ð vu?t 10 l?n, ki?m tra ch??ng...
[02:41:34] UI dump: UI hierchary dumped to: /sdcard/window.xml
[02:41:34] ADB pull: /sdcard/window.xml: 1 file pulled, 0 skipped. 8.8 MB/s (17446 bytes in 0.002s)
[02:41:39] ?Ð vu?t 15 l?n, ki?m tra ch??ng...
[02:41:41] UI dump: UI hierchary dumped to: /sdcard/window.xml
[02:41:41] ADB pull: /sdcard/window.xml: 1 file pulled, 0 skipped. 8.4 MB/s (20273 bytes in 0.002s)
[02:41:47] ?Ð vu?t 20 l?n, ki?m tra ch??ng...
[02:41:49] UI dump: UI hierchary dumped to: /sdcard/window.xml
[02:41:49] ADB pull: /sdcard/window.xml: 1 file pulled, 0 skipped. 5.4 MB/s (19771 bytes in 0.004s)
[02:41:49] ?Ð sang ch??ng m?i sau 20 l?n vu?t.
[02:41:49] 
[02:41:49] ========== L?N ??C 8 ==========
[02:41:51] UI dump: UI hierchary dumped to: /sdcard/window.xml
[02:41:51] ADB pull: /sdcard/window.xml: 1 file pulled, 0 skipped. 9.0 MB/s (19771 bytes in 0.002s)
[02:41:51] ?Ð l?u: F:\craw\crawTtv\stories\emulator-5554\000211_Chuong_211_Tu_Khong_huyen_an.txt
[02:41:51] S? k» t?: 9652
[02:41:51] B?t ??u vu?t cho t?i khi sang ch??ng m?i...
[02:41:57] ?Ð vu?t 5 l?n, ki?m tra ch??ng...
[02:41:59] UI dump: UI hierchary dumped to: /sdcard/window.xml
[02:41:59] ADB pull: /sdcard/window.xml: 1 file pulled, 0 skipped. 9.6 MB/s (19771 bytes in 0.002s)
[02:42:04] ?Ð vu?t 10 l?n, ki?m tra ch??ng...
[02:42:07] UI dump: UI hierchary dumped to: /sdcard/window.xml
[02:42:07] ADB pull: /sdcard/window.xml: 1 file pulled, 0 skipped. 6.3 MB/s (19771 bytes in 0.003s)
[02:42:12] ?Ð vu?t 15 l?n, ki?m tra ch??ng...
[02:42:14] UI dump: UI hierchary dumped to: /sdcard/window.xml
[02:42:15] ADB pull: /sdcard/window.xml: 1 file pulled, 0 skipped. 5.1 MB/s (19771 bytes in 0.004s)
[02:42:20] ?Ð vu?t 20 l?n, ki?m tra ch??ng...
[02:42:23] UI dump: UI hierchary dumped to: /sdcard/window.xml
[02:42:23] ADB pull: /sdcard/window.xml: 1 file pulled, 0 skipped. 1.5 MB/s (8026 bytes in 0.005s)
[02:42:23] Ch?a ki?m tra ???c UI, ti?p t?c vu?t...
[02:42:29] ?Ð vu?t 25 l?n, ki?m tra ch??ng...
[02:42:31] UI dump: UI hierchary dumped to: /sdcard/window.xml
[02:42:31] ADB pull: /sdcard/window.xml: 1 file pulled, 0 skipped. 6.3 MB/s (17269 bytes in 0.003s)
[02:42:31] ?Ð sang ch??ng m?i sau 25 l?n vu?t.
[02:42:31] 
[02:42:31] ========== L?N ??C 9 ==========
[02:42:33] UI dump: UI hierchary dumped to: /sdcard/window.xml
[02:42:34] ADB pull: /sdcard/window.xml: 1 file pulled, 0 skipped. 5.2 MB/s (17269 bytes in 0.003s)
[02:42:34] ?Ð l?u: F:\craw\crawTtv\stories\emulator-5554\000212_Chuong_212_Bac_Loan_quang_canh.txt
[02:42:34] S? k» t?: 7855
[02:42:34] B?t ??u vu?t cho t?i khi sang ch??ng m?i...
[02:42:39] ?Ð vu?t 5 l?n, ki?m tra ch??ng...
[02:42:42] UI dump: UI hierchary dumped to: /sdcard/window.xml
[02:42:42] ADB pull: /sdcard/window.xml: 1 file pulled, 0 skipped. 5.7 MB/s (17269 bytes in 0.003s)
[02:42:47] ?Ð vu?t 10 l?n, ki?m tra ch??ng...
[02:42:49] UI dump: UI hierchary dumped to: /sdcard/window.xml
[02:42:49] ADB pull: /sdcard/window.xml: 1 file pulled, 0 skipped. 7.1 MB/s (17269 bytes in 0.002s)
[02:42:54] ?Ð vu?t 15 l?n, ki?m tra ch??ng...
[02:42:57] UI dump: UI hierchary dumped to: /sdcard/window.xml
[02:42:57] ADB pull: /sdcard/window.xml: 1 file pulled, 0 skipped. 6.8 MB/s (17636 bytes in 0.002s)
[02:43:02] ?Ð vu?t 20 l?n, ki?m tra ch??ng...
[02:43:04] UI dump: UI hierchary dumped to: /sdcard/window.xml
[02:43:04] ADB pull: /sdcard/window.xml: 1 file pulled, 0 skipped. 7.6 MB/s (17447 bytes in 0.002s)
[02:43:04] ?Ð sang ch??ng m?i sau 20 l?n vu?t.
[02:43:04] 
[02:43:04] ========== L?N ??C 10 ==========
[02:43:06] UI dump: UI hierchary dumped to: /sdcard/window.xml
[02:43:06] ADB pull: /sdcard/window.xml: 1 file pulled, 0 skipped. 6.1 MB/s (17447 bytes in 0.003s)
[02:43:06] ?Ð l?u: F:\craw\crawTtv\stories\emulator-5554\000213_Chuong_213_Thien_Tuyet_vuon.txt
[02:43:06] S? k» t?: 7965
[02:43:06] B?t ??u vu?t cho t?i khi sang ch??ng m?i...
[02:43:12] ?Ð vu?t 5 l?n, ki?m tra ch??ng...
[02:43:14] UI dump: UI hierchary dumped to: /sdcard/window.xml
[02:43:14] ADB pull: /sdcard/window.xml: 1 file pulled, 0 skipped. 12.3 MB/s (24188 bytes in 0.002s)
[02:43:19] ?Ð vu?t 10 l?n, ki?m tra ch??ng...
[02:43:22] UI dump: UI hierchary dumped to: /sdcard/window.xml
[02:43:22] ADB pull: /sdcard/window.xml: 1 file pulled, 0 skipped. 6.9 MB/s (17447 bytes in 0.002s)
[02:43:27] ?Ð vu?t 15 l?n, ki?m tra ch??ng...
[02:43:29] UI dump: UI hierchary dumped to: /sdcard/window.xml
[02:43:29] ADB pull: /sdcard/window.xml: 1 file pulled, 0 skipped. 2.9 MB/s (7614 bytes in 0.002s)
[02:43:29] Ch?a ki?m tra ???c UI, ti?p t?c vu?t...
[02:43:34] ?Ð vu?t 20 l?n, ki?m tra ch??ng...
[02:43:37] UI dump: UI hierchary dumped to: /sdcard/window.xml
[02:43:37] ADB pull: /sdcard/window.xml: 1 file pulled, 0 skipped. 8.6 MB/s (17812 bytes in 0.002s)
[02:43:37] ?Ð sang ch??ng m?i sau 20 l?n vu?t.
[02:43:37] 
[02:43:37] ========== L?N ??C 11 ==========
[02:43:39] UI dump: UI hierchary dumped to: /sdcard/window.xml
[02:43:39] ADB pull: /sdcard/window.xml: 1 file pulled, 0 skipped. 4.9 MB/s (17812 bytes in 0.003s)
[02:43:39] ?Ð l?u: F:\craw\crawTtv\stories\emulator-5554\000214_Chuong_214_Phuong_Lan_Lan.txt
[02:43:39] S? k» t?: 8234
[02:43:39] B?t ??u vu?t cho t?i khi sang ch??ng m?i...
[02:43:44] ?Ð vu?t 5 l?n, ki?m tra ch??ng...
[02:43:46] UI dump: UI hierchary dumped to: /sdcard/window.xml
[02:43:46] ADB pull: /sdcard/window.xml: 1 file pulled, 0 skipped. 5.6 MB/s (17812 bytes in 0.003s)
[02:43:52] ?Ð vu?t 10 l?n, ki?m tra ch??ng...
[02:43:54] UI dump: UI hierchary dumped to: /sdcard/window.xml
[02:43:54] ADB pull: /sdcard/window.xml: 1 file pulled, 0 skipped. 7.7 MB/s (20218 bytes in 0.003s)
[02:43:59] ?Ð vu?t 15 l?n, ki?m tra ch??ng...
[02:44:01] UI dump: UI hierchary dumped to: /sdcard/window.xml
[02:44:01] ADB pull: /sdcard/window.xml: 1 file pulled, 0 skipped. 7.8 MB/s (17694 bytes in 0.002s)
[02:44:01] ?Ð sang ch??ng m?i sau 15 l?n vu?t.
[02:44:01] 
[02:44:01] ========== L?N ??C 12 ==========
[02:44:04] UI dump: UI hierchary dumped to: /sdcard/window.xml
[02:44:04] ADB pull: /sdcard/window.xml: 1 file pulled, 0 skipped. 7.9 MB/s (17694 bytes in 0.002s)
[02:44:04] ?Ð l?u: F:\craw\crawTtv\stories\emulator-5554\000215_Chuong_215_Phu_su.txt
[02:44:04] S? k» t?: 8190
[02:44:04] B?t ??u vu?t cho t?i khi sang ch??ng m?i...
[02:44:09] ?Ð vu?t 5 l?n, ki?m tra ch??ng...
[02:44:11] UI dump: UI hierchary dumped to: /sdcard/window.xml
[02:44:11] ADB pull: /sdcard/window.xml: 1 file pulled, 0 skipped. 2.3 MB/s (17694 bytes in 0.007s)
[02:44:17] ?Ð vu?t 10 l?n, ki?m tra ch??ng...
[02:44:20] UI dump: UI hierchary dumped to: /sdcard/window.xml
[02:44:20] ADB pull: /sdcard/window.xml: 1 file pulled, 0 skipped. 9.7 MB/s (17694 bytes in 0.002s)
[02:44:25] ?Ð vu?t 15 l?n, ki?m tra ch??ng...
[02:44:28] UI dump: UI hierchary dumped to: /sdcard/window.xml
[02:44:28] ADB pull: /sdcard/window.xml: 1 file pulled, 0 skipped. 2.7 MB/s (7614 bytes in 0.003s)
[02:44:28] Ch?a ki?m tra ???c UI, ti?p t?c vu?t...
[02:44:34] ?Ð vu?t 20 l?n, ki?m tra ch??ng...
[02:44:36] UI dump: UI hierchary dumped to: /sdcard/window.xml
[02:44:36] ADB pull: /sdcard/window.xml: 1 file pulled, 0 skipped. 7.7 MB/s (24479 bytes in 0.003s)
[02:44:36] ?Ð sang ch??ng m?i sau 20 l?n vu?t.
[02:44:36] 
[02:44:36] ========== L?N ??C 13 ==========
[02:44:38] UI dump: UI hierchary dumped to: /sdcard/window.xml
[02:44:38] ADB pull: /sdcard/window.xml: 1 file pulled, 0 skipped. 1.9 MB/s (24479 bytes in 0.013s)
[02:44:38] ?Ð l?u: F:\craw\crawTtv\stories\emulator-5554\000216_Chuong_216_Trung_Thu_Ngu_Linh_ai_tai.txt
[02:44:38] S? k» t?: 8220
[02:44:38] B?t ??u vu?t cho t?i khi sang ch??ng m?i...
[02:44:43] ?Ð vu?t 5 l?n, ki?m tra ch??ng...
[02:44:46] UI dump: UI hierchary dumped to: /sdcard/window.xml
[02:44:46] ADB pull: /sdcard/window.xml: 1 file pulled, 0 skipped. 7.0 MB/s (17738 bytes in 0.002s)
[02:44:51] ?Ð vu?t 10 l?n, ki?m tra ch??ng...
[02:44:53] UI dump: UI hierchary dumped to: /sdcard/window.xml
[02:44:53] ADB pull: /sdcard/window.xml: 1 file pulled, 0 skipped. 6.5 MB/s (17738 bytes in 0.003s)
[02:44:58] ?Ð vu?t 15 l?n, ki?m tra ch??ng...
[02:45:00] UI dump: UI hierchary dumped to: /sdcard/window.xml
[02:45:01] ADB pull: /sdcard/window.xml: 1 file pulled, 0 skipped. 8.5 MB/s (17886 bytes in 0.002s)
[02:45:01] ?Ð sang ch??ng m?i sau 15 l?n vu?t.
[02:45:01] 
[02:45:01] ========== L?N ??C 14 ==========
[02:45:03] UI dump: UI hierchary dumped to: /sdcard/window.xml
[02:45:03] ADB pull: /sdcard/window.xml: 1 file pulled, 0 skipped. 2.0 MB/s (17886 bytes in 0.008s)
[02:45:03] ?Ð l?u: F:\craw\crawTtv\stories\emulator-5554\000217_Chuong_217_Bao_danh.txt
[02:45:03] S? k» t?: 8246
[02:45:03] B?t ??u vu?t cho t?i khi sang ch??ng m?i...
[02:45:09] ?Ð vu?t 5 l?n, ki?m tra ch??ng...
[02:45:12] UI dump: UI hierchary dumped to: /sdcard/window.xml
[02:45:12] ADB pull: /sdcard/window.xml: 1 file pulled, 0 skipped. 5.9 MB/s (24627 bytes in 0.004s)
[02:45:18] ?Ð vu?t 10 l?n, ki?m tra ch??ng...
[02:45:20] UI dump: UI hierchary dumped to: /sdcard/window.xml
[02:45:20] ADB pull: /sdcard/window.xml: 1 file pulled, 0 skipped. 5.5 MB/s (17886 bytes in 0.003s)
[02:45:25] ?Ð vu?t 15 l?n, ki?m tra ch??ng...
[02:45:27] UI dump: UI hierchary dumped to: /sdcard/window.xml
[02:45:28] ADB pull: /sdcard/window.xml: 1 file pulled, 0 skipped. 4.7 MB/s (17886 bytes in 0.004s)
[02:45:33] ?Ð vu?t 20 l?n, ki?m tra ch??ng...
[02:45:35] UI dump: UI hierchary dumped to: /sdcard/window.xml
[02:45:35] ADB pull: /sdcard/window.xml: 1 file pulled, 0 skipped. 3.0 MB/s (8026 bytes in 0.003s)
[02:45:35] Ch?a ki?m tra ???c UI, ti?p t?c vu?t...
[02:45:40] ?Ð vu?t 25 l?n, ki?m tra ch??ng...
[02:45:42] UI dump: UI hierchary dumped to: /sdcard/window.xml
[02:45:42] ADB pull: /sdcard/window.xml: 1 file pulled, 0 skipped. 7.1 MB/s (17517 bytes in 0.002s)
[02:45:42] ?Ð sang ch??ng m?i sau 25 l?n vu?t.
[02:45:42] 
[02:45:42] ========== L?N ??C 15 ==========
[02:45:45] UI dump: UI hierchary dumped to: /sdcard/window.xml
[02:45:45] ADB pull: /sdcard/window.xml: 1 file pulled, 0 skipped. 9.5 MB/s (17517 bytes in 0.002s)
[02:45:45] ?Ð l?u: F:\craw\crawTtv\stories\emulator-5554\000218_Chuong_218_au_loai.txt
[02:45:45] S? k» t?: 8067
[02:45:45] B?t ??u vu?t cho t?i khi sang ch??ng m?i...
[02:45:50] ?Ð vu?t 5 l?n, ki?m tra ch??ng...
[02:45:52] UI dump: UI hierchary dumped to: /sdcard/window.xml
[02:45:52] ADB pull: /sdcard/window.xml: 1 file pulled, 0 skipped. 8.6 MB/s (17517 bytes in 0.002s)
[02:45:57] ?Ð vu?t 10 l?n, ki?m tra ch??ng...
[02:45:59] UI dump: UI hierchary dumped to: /sdcard/window.xml
[02:45:59] ADB pull: /sdcard/window.xml: 1 file pulled, 0 skipped. 2.5 MB/s (7614 bytes in 0.003s)
[02:45:59] Ch?a ki?m tra ???c UI, ti?p t?c vu?t...
[02:46:05] ?Ð vu?t 15 l?n, ki?m tra ch??ng...
[02:46:07] UI dump: UI hierchary dumped to: /sdcard/window.xml
[02:46:07] ADB pull: /sdcard/window.xml: 1 file pulled, 0 skipped. 6.2 MB/s (17457 bytes in 0.003s)
[02:46:07] ?Ð sang ch??ng m?i sau 15 l?n vu?t.
[02:46:07] 
[02:46:07] ========== L?N ??C 16 ==========
[02:46:09] UI dump: UI hierchary dumped to: /sdcard/window.xml
[02:46:09] ADB pull: /sdcard/window.xml: 1 file pulled, 0 skipped. 5.9 MB/s (17457 bytes in 0.003s)
[02:46:09] ?Ð l?u: F:\craw\crawTtv\stories\emulator-5554\000219_Chuong_219_Vuot_len_thu_nhat.txt
[02:46:09] S? k» t?: 8039
[02:46:09] B?t ??u vu?t cho t?i khi sang ch??ng m?i...
[02:46:14] ?Ð vu?t 5 l?n, ki?m tra ch??ng...
[02:46:16] UI dump: UI hierchary dumped to: /sdcard/window.xml
[02:46:16] ADB pull: /sdcard/window.xml: 1 file pulled, 0 skipped. 5.1 MB/s (17457 bytes in 0.003s)
[02:46:22] ?Ð vu?t 10 l?n, ki?m tra ch??ng...
[02:46:24] UI dump: UI hierchary dumped to: /sdcard/window.xml
[02:46:24] ADB pull: /sdcard/window.xml: 1 file pulled, 0 skipped. 4.1 MB/s (20282 bytes in 0.005s)
[02:46:29] ?Ð vu?t 15 l?n, ki?m tra ch??ng...
[02:46:32] UI dump: UI hierchary dumped to: /sdcard/window.xml
[02:46:32] ADB pull: /sdcard/window.xml: 1 file pulled, 0 skipped. 1.7 MB/s (6873 bytes in 0.004s)
[02:46:32] Ch?a ki?m tra ???c UI, ti?p t?c vu?t...
[02:46:37] ?Ð vu?t 20 l?n, ki?m tra ch??ng...
[02:46:39] UI dump: UI hierchary dumped to: /sdcard/window.xml
[02:46:39] ADB pull: /sdcard/window.xml: 1 file pulled, 0 skipped. 2.0 MB/s (6873 bytes in 0.003s)
[02:46:39] Ch?a ki?m tra ???c UI, ti?p t?c vu?t...
[02:46:45] ?Ð vu?t 25 l?n, ki?m tra ch??ng...
[02:46:47] UI dump: UI hierchary dumped to: /sdcard/window.xml
[02:46:47] ADB pull: /sdcard/window.xml: 1 file pulled, 0 skipped. 1.0 MB/s (6873 bytes in 0.007s)
[02:46:47] Ch?a ki?m tra ???c UI, ti?p t?c vu?t...
[02:46:53] ?Ð vu?t 30 l?n, ki?m tra ch??ng...
[02:46:55] UI dump: UI hierchary dumped to: /sdcard/window.xml
[02:46:55] ADB pull: /sdcard/window.xml: 1 file pulled, 0 skipped. 2.5 MB/s (6873 bytes in 0.003s)
[02:46:55] Ch?a ki?m tra ???c UI, ti?p t?c vu?t...
[02:47:01] ?Ð vu?t 35 l?n, ki?m tra ch??ng...
[02:47:03] UI dump: UI hierchary dumped to: /sdcard/window.xml
[02:47:03] ADB pull: /sdcard/window.xml: 1 file pulled, 0 skipped. 3.1 MB/s (6873 bytes in 0.002s)
[02:47:03] Ch?a ki?m tra ???c UI, ti?p t?c vu?t...
[02:47:09] ?Ð vu?t 40 l?n, ki?m tra ch??ng...
[02:47:11] UI dump: UI hierchary dumped to: /sdcard/window.xml
[02:47:11] ADB pull: /sdcard/window.xml: 1 file pulled, 0 skipped. 1.2 MB/s (6873 bytes in 0.006s)
[02:47:11] Ch?a ki?m tra ???c UI, ti?p t?c vu?t...
[02:47:16] ?Ð vu?t 45 l?n, ki?m tra ch??ng...
[02:47:18] UI dump: UI hierchary dumped to: /sdcard/window.xml
[02:47:18] ADB pull: /sdcard/window.xml: 1 file pulled, 0 skipped. 3.5 MB/s (6873 bytes in 0.002s)
[02:47:18] Ch?a ki?m tra ???c UI, ti?p t?c vu?t...
[02:47:23] ?Ð vu?t 50 l?n, ki?m tra ch??ng...
[02:47:26] UI dump: UI hierchary dumped to: /sdcard/window.xml
[02:47:26] ADB pull: /sdcard/window.xml: 1 file pulled, 0 skipped. 0.2 MB/s (6873 bytes in 0.040s)
[02:47:26] Ch?a ki?m tra ???c UI, ti?p t?c vu?t...
